Building DAG of jobs...
Using shell: /usr/bin/bash
Provided cluster nodes: 5
Job counts:
	count	jobs
	1	all
	20	calc_overall_metrics
	5	calc_reach_specific_metrics
	5	combined_metrics
	1	combined_run_metrics
	1	combined_run_reach_metrics
	10	make_predictions
	1	prep_io_data
	5	train
	49

[Thu Aug  6 13:36:32 2020]
rule prep_io_data:
    input: /home/jsadler/drb-dl-model/data/in/obs_temp_full, /home/jsadler/drb-dl-model/data/in/obs_flow_full, /home/jsadler/drb-dl-model/data/in/uncal_sntemp_input_output_subset, /home/jsadler/drb-dl-model/data/in/distance_matrix_subset.npz, /home/jsadler/drb-dl-model/data/in/seg_attr_drb.feather
    output: /caldera/projects/usgs/water/iidd/datasci/drb_ml_model/experiments/subset/joint_modeling/ex_E2/prepped.npz
    jobid: 44
    wildcards: outdir=/caldera/projects/usgs/water/iidd/datasci/drb_ml_model/experiments/subset/joint_modeling/ex_E2

Submitted job 44 with external jobid 'Submitted batch job 12669'.
[Thu Aug  6 13:53:33 2020]
Finished job 44.
1 of 49 steps (2%) done

[Thu Aug  6 13:53:33 2020]
rule train:
    input: /caldera/projects/usgs/water/iidd/datasci/drb_ml_model/experiments/subset/joint_modeling/ex_E2/prepped.npz
    output: /caldera/projects/usgs/water/iidd/datasci/drb_ml_model/experiments/subset/joint_modeling/ex_E2/2/trained_weights/, /caldera/projects/usgs/water/iidd/datasci/drb_ml_model/experiments/subset/joint_modeling/ex_E2/2/pretrained_weights/
    jobid: 46
    wildcards: outdir=/caldera/projects/usgs/water/iidd/datasci/drb_ml_model/experiments/subset/joint_modeling, experiment=E2, run_id=2


         "python /home/jsadler/drb-dl-model/river_dl/train_model.py -o /caldera/projects/usgs/water/iidd/datasci/drb_ml_model/experiments/subset/joint_modeling/ex_E2/2 -i /caldera/projects/usgs/water/iidd/datasci/drb_ml_model/experiments/subset/joint_modeling/ex_E2/prepped.npz -m /caldera/projects/usgs/water/iidd/datasci/drb_ml_model/experiments/subset/joint_modeling/ex_E2/2/trained_weights/ -p 200 -f 100 -q" 
         
Submitted job 46 with external jobid 'Submitted batch job 12695'.

[Thu Aug  6 13:53:33 2020]
rule train:
    input: /caldera/projects/usgs/water/iidd/datasci/drb_ml_model/experiments/subset/joint_modeling/ex_E2/prepped.npz
    output: /caldera/projects/usgs/water/iidd/datasci/drb_ml_model/experiments/subset/joint_modeling/ex_E2/3/trained_weights/, /caldera/projects/usgs/water/iidd/datasci/drb_ml_model/experiments/subset/joint_modeling/ex_E2/3/pretrained_weights/
    jobid: 47
    wildcards: outdir=/caldera/projects/usgs/water/iidd/datasci/drb_ml_model/experiments/subset/joint_modeling, experiment=E2, run_id=3


         "python /home/jsadler/drb-dl-model/river_dl/train_model.py -o /caldera/projects/usgs/water/iidd/datasci/drb_ml_model/experiments/subset/joint_modeling/ex_E2/3 -i /caldera/projects/usgs/water/iidd/datasci/drb_ml_model/experiments/subset/joint_modeling/ex_E2/prepped.npz -m /caldera/projects/usgs/water/iidd/datasci/drb_ml_model/experiments/subset/joint_modeling/ex_E2/3/trained_weights/ -p 200 -f 100 -q" 
         
Submitted job 47 with external jobid 'Submitted batch job 12696'.

[Thu Aug  6 13:53:33 2020]
rule train:
    input: /caldera/projects/usgs/water/iidd/datasci/drb_ml_model/experiments/subset/joint_modeling/ex_E2/prepped.npz
    output: /caldera/projects/usgs/water/iidd/datasci/drb_ml_model/experiments/subset/joint_modeling/ex_E2/1/trained_weights/, /caldera/projects/usgs/water/iidd/datasci/drb_ml_model/experiments/subset/joint_modeling/ex_E2/1/pretrained_weights/
    jobid: 45
    wildcards: outdir=/caldera/projects/usgs/water/iidd/datasci/drb_ml_model/experiments/subset/joint_modeling, experiment=E2, run_id=1


         "python /home/jsadler/drb-dl-model/river_dl/train_model.py -o /caldera/projects/usgs/water/iidd/datasci/drb_ml_model/experiments/subset/joint_modeling/ex_E2/1 -i /caldera/projects/usgs/water/iidd/datasci/drb_ml_model/experiments/subset/joint_modeling/ex_E2/prepped.npz -m /caldera/projects/usgs/water/iidd/datasci/drb_ml_model/experiments/subset/joint_modeling/ex_E2/1/trained_weights/ -p 200 -f 100 -q" 
         
Submitted job 45 with external jobid 'Submitted batch job 12697'.

[Thu Aug  6 13:53:33 2020]
rule train:
    input: /caldera/projects/usgs/water/iidd/datasci/drb_ml_model/experiments/subset/joint_modeling/ex_E2/prepped.npz
    output: /caldera/projects/usgs/water/iidd/datasci/drb_ml_model/experiments/subset/joint_modeling/ex_E2/0/trained_weights/, /caldera/projects/usgs/water/iidd/datasci/drb_ml_model/experiments/subset/joint_modeling/ex_E2/0/pretrained_weights/
    jobid: 43
    wildcards: outdir=/caldera/projects/usgs/water/iidd/datasci/drb_ml_model/experiments/subset/joint_modeling, experiment=E2, run_id=0


         "python /home/jsadler/drb-dl-model/river_dl/train_model.py -o /caldera/projects/usgs/water/iidd/datasci/drb_ml_model/experiments/subset/joint_modeling/ex_E2/0 -i /caldera/projects/usgs/water/iidd/datasci/drb_ml_model/experiments/subset/joint_modeling/ex_E2/prepped.npz -m /caldera/projects/usgs/water/iidd/datasci/drb_ml_model/experiments/subset/joint_modeling/ex_E2/0/trained_weights/ -p 200 -f 100 -q" 
         
Submitted job 43 with external jobid 'Submitted batch job 12698'.

[Thu Aug  6 13:53:33 2020]
rule train:
    input: /caldera/projects/usgs/water/iidd/datasci/drb_ml_model/experiments/subset/joint_modeling/ex_E2/prepped.npz
    output: /caldera/projects/usgs/water/iidd/datasci/drb_ml_model/experiments/subset/joint_modeling/ex_E2/4/trained_weights/, /caldera/projects/usgs/water/iidd/datasci/drb_ml_model/experiments/subset/joint_modeling/ex_E2/4/pretrained_weights/
    jobid: 48
    wildcards: outdir=/caldera/projects/usgs/water/iidd/datasci/drb_ml_model/experiments/subset/joint_modeling, experiment=E2, run_id=4


         "python /home/jsadler/drb-dl-model/river_dl/train_model.py -o /caldera/projects/usgs/water/iidd/datasci/drb_ml_model/experiments/subset/joint_modeling/ex_E2/4 -i /caldera/projects/usgs/water/iidd/datasci/drb_ml_model/experiments/subset/joint_modeling/ex_E2/prepped.npz -m /caldera/projects/usgs/water/iidd/datasci/drb_ml_model/experiments/subset/joint_modeling/ex_E2/4/trained_weights/ -p 200 -f 100 -q" 
         
Submitted job 48 with external jobid 'Submitted batch job 12699'.
[Thu Aug  6 14:12:14 2020]
Finished job 46.
2 of 49 steps (4%) done

[Thu Aug  6 14:12:14 2020]
rule make_predictions:
    input: /caldera/projects/usgs/water/iidd/datasci/drb_ml_model/experiments/subset/joint_modeling/ex_E2/2/trained_weights/, /caldera/projects/usgs/water/iidd/datasci/drb_ml_model/experiments/subset/joint_modeling/ex_E2/prepped.npz
    output: /caldera/projects/usgs/water/iidd/datasci/drb_ml_model/experiments/subset/joint_modeling/ex_E2/2/trn_preds.feather
    jobid: 37
    wildcards: outdir=/caldera/projects/usgs/water/iidd/datasci/drb_ml_model/experiments/subset/joint_modeling, experiment=E2, run_id=2, partition=trn

Submitted job 37 with external jobid 'Submitted batch job 12724'.
[Thu Aug  6 14:29:15 2020]
Finished job 47.
3 of 49 steps (6%) done

[Thu Aug  6 14:29:15 2020]
rule make_predictions:
    input: /caldera/projects/usgs/water/iidd/datasci/drb_ml_model/experiments/subset/joint_modeling/ex_E2/2/trained_weights/, /caldera/projects/usgs/water/iidd/datasci/drb_ml_model/experiments/subset/joint_modeling/ex_E2/prepped.npz
    output: /caldera/projects/usgs/water/iidd/datasci/drb_ml_model/experiments/subset/joint_modeling/ex_E2/2/tst_preds.feather
    jobid: 38
    wildcards: outdir=/caldera/projects/usgs/water/iidd/datasci/drb_ml_model/experiments/subset/joint_modeling, experiment=E2, run_id=2, partition=tst

[Thu Aug  6 14:29:15 2020]
Finished job 37.
4 of 49 steps (8%) done
Submitted job 38 with external jobid 'Submitted batch job 12767'.

[Thu Aug  6 14:29:15 2020]
rule make_predictions:
    input: /caldera/projects/usgs/water/iidd/datasci/drb_ml_model/experiments/subset/joint_modeling/ex_E2/3/trained_weights/, /caldera/projects/usgs/water/iidd/datasci/drb_ml_model/experiments/subset/joint_modeling/ex_E2/prepped.npz
    output: /caldera/projects/usgs/water/iidd/datasci/drb_ml_model/experiments/subset/joint_modeling/ex_E2/3/trn_preds.feather
    jobid: 39
    wildcards: outdir=/caldera/projects/usgs/water/iidd/datasci/drb_ml_model/experiments/subset/joint_modeling, experiment=E2, run_id=3, partition=trn

Submitted job 39 with external jobid 'Submitted batch job 12768'.
[Thu Aug  6 14:30:15 2020]
Finished job 45.
5 of 49 steps (10%) done

[Thu Aug  6 14:30:15 2020]
rule make_predictions:
    input: /caldera/projects/usgs/water/iidd/datasci/drb_ml_model/experiments/subset/joint_modeling/ex_E2/1/trained_weights/, /caldera/projects/usgs/water/iidd/datasci/drb_ml_model/experiments/subset/joint_modeling/ex_E2/prepped.npz
    output: /caldera/projects/usgs/water/iidd/datasci/drb_ml_model/experiments/subset/joint_modeling/ex_E2/1/tst_preds.feather
    jobid: 36
    wildcards: outdir=/caldera/projects/usgs/water/iidd/datasci/drb_ml_model/experiments/subset/joint_modeling, experiment=E2, run_id=1, partition=tst

Submitted job 36 with external jobid 'Submitted batch job 12791'.
[Thu Aug  6 14:31:15 2020]
Finished job 38.
6 of 49 steps (12%) done
[Thu Aug  6 14:31:15 2020]
Finished job 39.
7 of 49 steps (14%) done

[Thu Aug  6 14:31:15 2020]
rule make_predictions:
    input: /caldera/projects/usgs/water/iidd/datasci/drb_ml_model/experiments/subset/joint_modeling/ex_E2/1/trained_weights/, /caldera/projects/usgs/water/iidd/datasci/drb_ml_model/experiments/subset/joint_modeling/ex_E2/prepped.npz
    output: /caldera/projects/usgs/water/iidd/datasci/drb_ml_model/experiments/subset/joint_modeling/ex_E2/1/trn_preds.feather
    jobid: 35
    wildcards: outdir=/caldera/projects/usgs/water/iidd/datasci/drb_ml_model/experiments/subset/joint_modeling, experiment=E2, run_id=1, partition=trn

Submitted job 35 with external jobid 'Submitted batch job 12820'.

[Thu Aug  6 14:31:15 2020]
rule make_predictions:
    input: /caldera/projects/usgs/water/iidd/datasci/drb_ml_model/experiments/subset/joint_modeling/ex_E2/3/trained_weights/, /caldera/projects/usgs/water/iidd/datasci/drb_ml_model/experiments/subset/joint_modeling/ex_E2/prepped.npz
    output: /caldera/projects/usgs/water/iidd/datasci/drb_ml_model/experiments/subset/joint_modeling/ex_E2/3/tst_preds.feather
    jobid: 40
    wildcards: outdir=/caldera/projects/usgs/water/iidd/datasci/drb_ml_model/experiments/subset/joint_modeling, experiment=E2, run_id=3, partition=tst

Submitted job 40 with external jobid 'Submitted batch job 12822'.
[Thu Aug  6 14:32:05 2020]
Finished job 36.
8 of 49 steps (16%) done

[Thu Aug  6 14:32:05 2020]
rule calc_reach_specific_metrics:
    input: /caldera/projects/usgs/water/iidd/datasci/drb_ml_model/experiments/subset/joint_modeling/ex_E2/2/trn_preds.feather, /caldera/projects/usgs/water/iidd/datasci/drb_ml_model/experiments/subset/joint_modeling/ex_E2/2/tst_preds.feather, /home/jsadler/drb-dl-model/data/in/obs_temp_full, /home/jsadler/drb-dl-model/data/in/obs_flow_full
    output: /caldera/projects/usgs/water/iidd/datasci/drb_ml_model/experiments/subset/joint_modeling/ex_E2/2/reach_metrics.csv
    jobid: 10
    wildcards: outdir=/caldera/projects/usgs/water/iidd/datasci/drb_ml_model/experiments/subset/joint_modeling, experiment=E2, run_id=2

Submitted job 10 with external jobid 'Submitted batch job 12867'.
[Thu Aug  6 14:32:36 2020]
Finished job 35.
9 of 49 steps (18%) done

[Thu Aug  6 14:32:36 2020]
rule calc_reach_specific_metrics:
    input: /caldera/projects/usgs/water/iidd/datasci/drb_ml_model/experiments/subset/joint_modeling/ex_E2/1/trn_preds.feather, /caldera/projects/usgs/water/iidd/datasci/drb_ml_model/experiments/subset/joint_modeling/ex_E2/1/tst_preds.feather, /home/jsadler/drb-dl-model/data/in/obs_temp_full, /home/jsadler/drb-dl-model/data/in/obs_flow_full
    output: /caldera/projects/usgs/water/iidd/datasci/drb_ml_model/experiments/subset/joint_modeling/ex_E2/1/reach_metrics.csv
    jobid: 9
    wildcards: outdir=/caldera/projects/usgs/water/iidd/datasci/drb_ml_model/experiments/subset/joint_modeling, experiment=E2, run_id=1

[Thu Aug  6 14:32:36 2020]
Finished job 10.
10 of 49 steps (20%) done
Submitted job 9 with external jobid 'Submitted batch job 12915'.

[Thu Aug  6 14:32:36 2020]
rule calc_overall_metrics:
    input: /caldera/projects/usgs/water/iidd/datasci/drb_ml_model/experiments/subset/joint_modeling/ex_E2/3/trn_preds.feather, /home/jsadler/drb-dl-model/data/in/obs_temp_full
    output: /caldera/projects/usgs/water/iidd/datasci/drb_ml_model/experiments/subset/joint_modeling/ex_E2/3/trn_temp_metrics.csv
    jobid: 25
    wildcards: outdir=/caldera/projects/usgs/water/iidd/datasci/drb_ml_model/experiments/subset/joint_modeling, experiment=E2, run_id=3, partition=trn, variable=temp

Submitted job 25 with external jobid 'Submitted batch job 12916'.
[Thu Aug  6 14:32:46 2020]
Finished job 40.
11 of 49 steps (22%) done

[Thu Aug  6 14:32:46 2020]
rule calc_reach_specific_metrics:
    input: /caldera/projects/usgs/water/iidd/datasci/drb_ml_model/experiments/subset/joint_modeling/ex_E2/3/trn_preds.feather, /caldera/projects/usgs/water/iidd/datasci/drb_ml_model/experiments/subset/joint_modeling/ex_E2/3/tst_preds.feather, /home/jsadler/drb-dl-model/data/in/obs_temp_full, /home/jsadler/drb-dl-model/data/in/obs_flow_full
    output: /caldera/projects/usgs/water/iidd/datasci/drb_ml_model/experiments/subset/joint_modeling/ex_E2/3/reach_metrics.csv
    jobid: 11
    wildcards: outdir=/caldera/projects/usgs/water/iidd/datasci/drb_ml_model/experiments/subset/joint_modeling, experiment=E2, run_id=3

Submitted job 11 with external jobid 'Submitted batch job 12938'.
[Thu Aug  6 14:32:56 2020]
Finished job 9.
12 of 49 steps (24%) done

[Thu Aug  6 14:32:56 2020]
rule calc_overall_metrics:
    input: /caldera/projects/usgs/water/iidd/datasci/drb_ml_model/experiments/subset/joint_modeling/ex_E2/1/trn_preds.feather, /home/jsadler/drb-dl-model/data/in/obs_temp_full
    output: /caldera/projects/usgs/water/iidd/datasci/drb_ml_model/experiments/subset/joint_modeling/ex_E2/1/trn_temp_metrics.csv
    jobid: 17
    wildcards: outdir=/caldera/projects/usgs/water/iidd/datasci/drb_ml_model/experiments/subset/joint_modeling, experiment=E2, run_id=1, partition=trn, variable=temp

[Thu Aug  6 14:32:56 2020]
Finished job 25.
13 of 49 steps (27%) done
Submitted job 17 with external jobid 'Submitted batch job 12964'.

[Thu Aug  6 14:32:56 2020]
rule calc_overall_metrics:
    input: /caldera/projects/usgs/water/iidd/datasci/drb_ml_model/experiments/subset/joint_modeling/ex_E2/2/trn_preds.feather, /home/jsadler/drb-dl-model/data/in/obs_temp_full
    output: /caldera/projects/usgs/water/iidd/datasci/drb_ml_model/experiments/subset/joint_modeling/ex_E2/2/trn_temp_metrics.csv
    jobid: 21
    wildcards: outdir=/caldera/projects/usgs/water/iidd/datasci/drb_ml_model/experiments/subset/joint_modeling, experiment=E2, run_id=2, partition=trn, variable=temp

Submitted job 21 with external jobid 'Submitted batch job 12965'.
[Thu Aug  6 14:33:06 2020]
Finished job 11.
14 of 49 steps (29%) done

[Thu Aug  6 14:33:06 2020]
rule calc_overall_metrics:
    input: /caldera/projects/usgs/water/iidd/datasci/drb_ml_model/experiments/subset/joint_modeling/ex_E2/3/trn_preds.feather, /home/jsadler/drb-dl-model/data/in/obs_flow_full
    output: /caldera/projects/usgs/water/iidd/datasci/drb_ml_model/experiments/subset/joint_modeling/ex_E2/3/trn_flow_metrics.csv
    jobid: 26
    wildcards: outdir=/caldera/projects/usgs/water/iidd/datasci/drb_ml_model/experiments/subset/joint_modeling, experiment=E2, run_id=3, partition=trn, variable=flow

[Thu Aug  6 14:33:06 2020]
Finished job 17.
15 of 49 steps (31%) done
[Thu Aug  6 14:33:06 2020]
Finished job 21.
16 of 49 steps (33%) done
Submitted job 26 with external jobid 'Submitted batch job 12996'.

[Thu Aug  6 14:33:06 2020]
rule calc_overall_metrics:
    input: /caldera/projects/usgs/water/iidd/datasci/drb_ml_model/experiments/subset/joint_modeling/ex_E2/1/trn_preds.feather, /home/jsadler/drb-dl-model/data/in/obs_flow_full
    output: /caldera/projects/usgs/water/iidd/datasci/drb_ml_model/experiments/subset/joint_modeling/ex_E2/1/trn_flow_metrics.csv
    jobid: 18
    wildcards: outdir=/caldera/projects/usgs/water/iidd/datasci/drb_ml_model/experiments/subset/joint_modeling, experiment=E2, run_id=1, partition=trn, variable=flow

Submitted job 18 with external jobid 'Submitted batch job 12997'.

[Thu Aug  6 14:33:06 2020]
rule calc_overall_metrics:
    input: /caldera/projects/usgs/water/iidd/datasci/drb_ml_model/experiments/subset/joint_modeling/ex_E2/2/trn_preds.feather, /home/jsadler/drb-dl-model/data/in/obs_flow_full
    output: /caldera/projects/usgs/water/iidd/datasci/drb_ml_model/experiments/subset/joint_modeling/ex_E2/2/trn_flow_metrics.csv
    jobid: 22
    wildcards: outdir=/caldera/projects/usgs/water/iidd/datasci/drb_ml_model/experiments/subset/joint_modeling, experiment=E2, run_id=2, partition=trn, variable=flow

Submitted job 22 with external jobid 'Submitted batch job 12998'.
[Thu Aug  6 14:33:16 2020]
Finished job 26.
17 of 49 steps (35%) done

[Thu Aug  6 14:33:16 2020]
rule calc_overall_metrics:
    input: /caldera/projects/usgs/water/iidd/datasci/drb_ml_model/experiments/subset/joint_modeling/ex_E2/1/tst_preds.feather, /home/jsadler/drb-dl-model/data/in/obs_flow_full
    output: /caldera/projects/usgs/water/iidd/datasci/drb_ml_model/experiments/subset/joint_modeling/ex_E2/1/tst_flow_metrics.csv
    jobid: 20
    wildcards: outdir=/caldera/projects/usgs/water/iidd/datasci/drb_ml_model/experiments/subset/joint_modeling, experiment=E2, run_id=1, partition=tst, variable=flow

Submitted job 20 with external jobid 'Submitted batch job 13023'.
[Thu Aug  6 14:33:16 2020]
Finished job 18.
18 of 49 steps (37%) done

[Thu Aug  6 14:33:16 2020]
rule calc_overall_metrics:
    input: /caldera/projects/usgs/water/iidd/datasci/drb_ml_model/experiments/subset/joint_modeling/ex_E2/3/tst_preds.feather, /home/jsadler/drb-dl-model/data/in/obs_flow_full
    output: /caldera/projects/usgs/water/iidd/datasci/drb_ml_model/experiments/subset/joint_modeling/ex_E2/3/tst_flow_metrics.csv
    jobid: 28
    wildcards: outdir=/caldera/projects/usgs/water/iidd/datasci/drb_ml_model/experiments/subset/joint_modeling, experiment=E2, run_id=3, partition=tst, variable=flow

[Thu Aug  6 14:33:16 2020]
Finished job 22.
19 of 49 steps (39%) done
Submitted job 28 with external jobid 'Submitted batch job 13024'.

[Thu Aug  6 14:33:16 2020]
rule calc_overall_metrics:
    input: /caldera/projects/usgs/water/iidd/datasci/drb_ml_model/experiments/subset/joint_modeling/ex_E2/1/tst_preds.feather, /home/jsadler/drb-dl-model/data/in/obs_temp_full
    output: /caldera/projects/usgs/water/iidd/datasci/drb_ml_model/experiments/subset/joint_modeling/ex_E2/1/tst_temp_metrics.csv
    jobid: 19
    wildcards: outdir=/caldera/projects/usgs/water/iidd/datasci/drb_ml_model/experiments/subset/joint_modeling, experiment=E2, run_id=1, partition=tst, variable=temp

Submitted job 19 with external jobid 'Submitted batch job 13025'.
[Thu Aug  6 14:33:36 2020]
Finished job 20.
20 of 49 steps (41%) done

[Thu Aug  6 14:33:36 2020]
rule calc_overall_metrics:
    input: /caldera/projects/usgs/water/iidd/datasci/drb_ml_model/experiments/subset/joint_modeling/ex_E2/3/tst_preds.feather, /home/jsadler/drb-dl-model/data/in/obs_temp_full
    output: /caldera/projects/usgs/water/iidd/datasci/drb_ml_model/experiments/subset/joint_modeling/ex_E2/3/tst_temp_metrics.csv
    jobid: 27
    wildcards: outdir=/caldera/projects/usgs/water/iidd/datasci/drb_ml_model/experiments/subset/joint_modeling, experiment=E2, run_id=3, partition=tst, variable=temp

[Thu Aug  6 14:33:36 2020]
Finished job 28.
21 of 49 steps (43%) done
[Thu Aug  6 14:33:36 2020]
Finished job 19.
22 of 49 steps (45%) done
Submitted job 27 with external jobid 'Submitted batch job 13060'.

[Thu Aug  6 14:33:36 2020]
rule calc_overall_metrics:
    input: /caldera/projects/usgs/water/iidd/datasci/drb_ml_model/experiments/subset/joint_modeling/ex_E2/2/tst_preds.feather, /home/jsadler/drb-dl-model/data/in/obs_temp_full
    output: /caldera/projects/usgs/water/iidd/datasci/drb_ml_model/experiments/subset/joint_modeling/ex_E2/2/tst_temp_metrics.csv
    jobid: 23
    wildcards: outdir=/caldera/projects/usgs/water/iidd/datasci/drb_ml_model/experiments/subset/joint_modeling, experiment=E2, run_id=2, partition=tst, variable=temp

Submitted job 23 with external jobid 'Submitted batch job 13061'.

[Thu Aug  6 14:33:36 2020]
rule calc_overall_metrics:
    input: /caldera/projects/usgs/water/iidd/datasci/drb_ml_model/experiments/subset/joint_modeling/ex_E2/2/tst_preds.feather, /home/jsadler/drb-dl-model/data/in/obs_flow_full
    output: /caldera/projects/usgs/water/iidd/datasci/drb_ml_model/experiments/subset/joint_modeling/ex_E2/2/tst_flow_metrics.csv
    jobid: 24
    wildcards: outdir=/caldera/projects/usgs/water/iidd/datasci/drb_ml_model/experiments/subset/joint_modeling, experiment=E2, run_id=2, partition=tst, variable=flow

Submitted job 24 with external jobid 'Submitted batch job 13062'.
[Thu Aug  6 14:33:46 2020]
Finished job 27.
23 of 49 steps (47%) done
[Thu Aug  6 14:33:46 2020]
Finished job 23.
24 of 49 steps (49%) done

[Thu Aug  6 14:33:46 2020]
rule combined_metrics:
    input: /caldera/projects/usgs/water/iidd/datasci/drb_ml_model/experiments/subset/joint_modeling/ex_E2/3/trn_temp_metrics.csv, /caldera/projects/usgs/water/iidd/datasci/drb_ml_model/experiments/subset/joint_modeling/ex_E2/3/trn_flow_metrics.csv, /caldera/projects/usgs/water/iidd/datasci/drb_ml_model/experiments/subset/joint_modeling/ex_E2/3/tst_temp_metrics.csv, /caldera/projects/usgs/water/iidd/datasci/drb_ml_model/experiments/subset/joint_modeling/ex_E2/3/tst_flow_metrics.csv
    output: /caldera/projects/usgs/water/iidd/datasci/drb_ml_model/experiments/subset/joint_modeling/ex_E2/3/combined_metrics.csv
    jobid: 6
    wildcards: outdir=/caldera/projects/usgs/water/iidd/datasci/drb_ml_model/experiments/subset/joint_modeling, experiment=E2, run_id=3

[Thu Aug  6 14:33:46 2020]
Finished job 24.
25 of 49 steps (51%) done
Submitted job 6 with external jobid 'Submitted batch job 13076'.

[Thu Aug  6 14:33:46 2020]
rule combined_metrics:
    input: /caldera/projects/usgs/water/iidd/datasci/drb_ml_model/experiments/subset/joint_modeling/ex_E2/1/trn_temp_metrics.csv, /caldera/projects/usgs/water/iidd/datasci/drb_ml_model/experiments/subset/joint_modeling/ex_E2/1/trn_flow_metrics.csv, /caldera/projects/usgs/water/iidd/datasci/drb_ml_model/experiments/subset/joint_modeling/ex_E2/1/tst_temp_metrics.csv, /caldera/projects/usgs/water/iidd/datasci/drb_ml_model/experiments/subset/joint_modeling/ex_E2/1/tst_flow_metrics.csv
    output: /caldera/projects/usgs/water/iidd/datasci/drb_ml_model/experiments/subset/joint_modeling/ex_E2/1/combined_metrics.csv
    jobid: 4
    wildcards: outdir=/caldera/projects/usgs/water/iidd/datasci/drb_ml_model/experiments/subset/joint_modeling, experiment=E2, run_id=1

Submitted job 4 with external jobid 'Submitted batch job 13077'.

[Thu Aug  6 14:33:46 2020]
rule combined_metrics:
    input: /caldera/projects/usgs/water/iidd/datasci/drb_ml_model/experiments/subset/joint_modeling/ex_E2/2/trn_temp_metrics.csv, /caldera/projects/usgs/water/iidd/datasci/drb_ml_model/experiments/subset/joint_modeling/ex_E2/2/trn_flow_metrics.csv, /caldera/projects/usgs/water/iidd/datasci/drb_ml_model/experiments/subset/joint_modeling/ex_E2/2/tst_temp_metrics.csv, /caldera/projects/usgs/water/iidd/datasci/drb_ml_model/experiments/subset/joint_modeling/ex_E2/2/tst_flow_metrics.csv
    output: /caldera/projects/usgs/water/iidd/datasci/drb_ml_model/experiments/subset/joint_modeling/ex_E2/2/combined_metrics.csv
    jobid: 5
    wildcards: outdir=/caldera/projects/usgs/water/iidd/datasci/drb_ml_model/experiments/subset/joint_modeling, experiment=E2, run_id=2

Submitted job 5 with external jobid 'Submitted batch job 13078'.
[Thu Aug  6 14:33:56 2020]
Finished job 6.
26 of 49 steps (53%) done
[Thu Aug  6 14:33:56 2020]
Finished job 4.
27 of 49 steps (55%) done
[Thu Aug  6 14:33:56 2020]
Finished job 5.
28 of 49 steps (57%) done
[Thu Aug  6 14:44:27 2020]
Finished job 43.
29 of 49 steps (59%) done

[Thu Aug  6 14:44:27 2020]
rule make_predictions:
    input: /caldera/projects/usgs/water/iidd/datasci/drb_ml_model/experiments/subset/joint_modeling/ex_E2/0/trained_weights/, /caldera/projects/usgs/water/iidd/datasci/drb_ml_model/experiments/subset/joint_modeling/ex_E2/prepped.npz
    output: /caldera/projects/usgs/water/iidd/datasci/drb_ml_model/experiments/subset/joint_modeling/ex_E2/0/trn_preds.feather
    jobid: 33
    wildcards: outdir=/caldera/projects/usgs/water/iidd/datasci/drb_ml_model/experiments/subset/joint_modeling, experiment=E2, run_id=0, partition=trn

Submitted job 33 with external jobid 'Submitted batch job 13098'.

[Thu Aug  6 14:44:27 2020]
rule make_predictions:
    input: /caldera/projects/usgs/water/iidd/datasci/drb_ml_model/experiments/subset/joint_modeling/ex_E2/0/trained_weights/, /caldera/projects/usgs/water/iidd/datasci/drb_ml_model/experiments/subset/joint_modeling/ex_E2/prepped.npz
    output: /caldera/projects/usgs/water/iidd/datasci/drb_ml_model/experiments/subset/joint_modeling/ex_E2/0/tst_preds.feather
    jobid: 34
    wildcards: outdir=/caldera/projects/usgs/water/iidd/datasci/drb_ml_model/experiments/subset/joint_modeling, experiment=E2, run_id=0, partition=tst

Submitted job 34 with external jobid 'Submitted batch job 13099'.
[Thu Aug  6 14:45:27 2020]
Finished job 33.
30 of 49 steps (61%) done
[Thu Aug  6 14:45:27 2020]
Finished job 34.
31 of 49 steps (63%) done

[Thu Aug  6 14:45:27 2020]
rule calc_overall_metrics:
    input: /caldera/projects/usgs/water/iidd/datasci/drb_ml_model/experiments/subset/joint_modeling/ex_E2/0/trn_preds.feather, /home/jsadler/drb-dl-model/data/in/obs_temp_full
    output: /caldera/projects/usgs/water/iidd/datasci/drb_ml_model/experiments/subset/joint_modeling/ex_E2/0/trn_temp_metrics.csv
    jobid: 13
    wildcards: outdir=/caldera/projects/usgs/water/iidd/datasci/drb_ml_model/experiments/subset/joint_modeling, experiment=E2, run_id=0, partition=trn, variable=temp

Submitted job 13 with external jobid 'Submitted batch job 13100'.

[Thu Aug  6 14:45:27 2020]
rule calc_overall_metrics:
    input: /caldera/projects/usgs/water/iidd/datasci/drb_ml_model/experiments/subset/joint_modeling/ex_E2/0/trn_preds.feather, /home/jsadler/drb-dl-model/data/in/obs_flow_full
    output: /caldera/projects/usgs/water/iidd/datasci/drb_ml_model/experiments/subset/joint_modeling/ex_E2/0/trn_flow_metrics.csv
    jobid: 14
    wildcards: outdir=/caldera/projects/usgs/water/iidd/datasci/drb_ml_model/experiments/subset/joint_modeling, experiment=E2, run_id=0, partition=trn, variable=flow

Submitted job 14 with external jobid 'Submitted batch job 13101'.

[Thu Aug  6 14:45:27 2020]
rule calc_reach_specific_metrics:
    input: /caldera/projects/usgs/water/iidd/datasci/drb_ml_model/experiments/subset/joint_modeling/ex_E2/0/trn_preds.feather, /caldera/projects/usgs/water/iidd/datasci/drb_ml_model/experiments/subset/joint_modeling/ex_E2/0/tst_preds.feather, /home/jsadler/drb-dl-model/data/in/obs_temp_full, /home/jsadler/drb-dl-model/data/in/obs_flow_full
    output: /caldera/projects/usgs/water/iidd/datasci/drb_ml_model/experiments/subset/joint_modeling/ex_E2/0/reach_metrics.csv
    jobid: 8
    wildcards: outdir=/caldera/projects/usgs/water/iidd/datasci/drb_ml_model/experiments/subset/joint_modeling, experiment=E2, run_id=0

Submitted job 8 with external jobid 'Submitted batch job 13102'.

[Thu Aug  6 14:45:27 2020]
rule calc_overall_metrics:
    input: /caldera/projects/usgs/water/iidd/datasci/drb_ml_model/experiments/subset/joint_modeling/ex_E2/0/tst_preds.feather, /home/jsadler/drb-dl-model/data/in/obs_temp_full
    output: /caldera/projects/usgs/water/iidd/datasci/drb_ml_model/experiments/subset/joint_modeling/ex_E2/0/tst_temp_metrics.csv
    jobid: 15
    wildcards: outdir=/caldera/projects/usgs/water/iidd/datasci/drb_ml_model/experiments/subset/joint_modeling, experiment=E2, run_id=0, partition=tst, variable=temp

Submitted job 15 with external jobid 'Submitted batch job 13103'.
[Thu Aug  6 14:45:37 2020]
Finished job 13.
32 of 49 steps (65%) done

[Thu Aug  6 14:45:37 2020]
rule calc_overall_metrics:
    input: /caldera/projects/usgs/water/iidd/datasci/drb_ml_model/experiments/subset/joint_modeling/ex_E2/0/tst_preds.feather, /home/jsadler/drb-dl-model/data/in/obs_flow_full
    output: /caldera/projects/usgs/water/iidd/datasci/drb_ml_model/experiments/subset/joint_modeling/ex_E2/0/tst_flow_metrics.csv
    jobid: 16
    wildcards: outdir=/caldera/projects/usgs/water/iidd/datasci/drb_ml_model/experiments/subset/joint_modeling, experiment=E2, run_id=0, partition=tst, variable=flow

[Thu Aug  6 14:45:37 2020]
Finished job 14.
33 of 49 steps (67%) done
Submitted job 16 with external jobid 'Submitted batch job 13104'.
[Thu Aug  6 14:45:37 2020]
Finished job 15.
34 of 49 steps (69%) done
[Thu Aug  6 14:45:47 2020]
Finished job 16.
35 of 49 steps (71%) done
[Thu Aug  6 14:45:47 2020]
Finished job 8.
36 of 49 steps (73%) done

[Thu Aug  6 14:45:47 2020]
rule combined_metrics:
    input: /caldera/projects/usgs/water/iidd/datasci/drb_ml_model/experiments/subset/joint_modeling/ex_E2/0/trn_temp_metrics.csv, /caldera/projects/usgs/water/iidd/datasci/drb_ml_model/experiments/subset/joint_modeling/ex_E2/0/trn_flow_metrics.csv, /caldera/projects/usgs/water/iidd/datasci/drb_ml_model/experiments/subset/joint_modeling/ex_E2/0/tst_temp_metrics.csv, /caldera/projects/usgs/water/iidd/datasci/drb_ml_model/experiments/subset/joint_modeling/ex_E2/0/tst_flow_metrics.csv
    output: /caldera/projects/usgs/water/iidd/datasci/drb_ml_model/experiments/subset/joint_modeling/ex_E2/0/combined_metrics.csv
    jobid: 3
    wildcards: outdir=/caldera/projects/usgs/water/iidd/datasci/drb_ml_model/experiments/subset/joint_modeling, experiment=E2, run_id=0

Submitted job 3 with external jobid 'Submitted batch job 13105'.
[Thu Aug  6 14:45:57 2020]
Finished job 3.
37 of 49 steps (76%) done
[Thu Aug  6 14:46:17 2020]
Finished job 48.
38 of 49 steps (78%) done

[Thu Aug  6 14:46:17 2020]
rule make_predictions:
    input: /caldera/projects/usgs/water/iidd/datasci/drb_ml_model/experiments/subset/joint_modeling/ex_E2/4/trained_weights/, /caldera/projects/usgs/water/iidd/datasci/drb_ml_model/experiments/subset/joint_modeling/ex_E2/prepped.npz
    output: /caldera/projects/usgs/water/iidd/datasci/drb_ml_model/experiments/subset/joint_modeling/ex_E2/4/trn_preds.feather
    jobid: 41
    wildcards: outdir=/caldera/projects/usgs/water/iidd/datasci/drb_ml_model/experiments/subset/joint_modeling, experiment=E2, run_id=4, partition=trn

Submitted job 41 with external jobid 'Submitted batch job 13106'.

[Thu Aug  6 14:46:17 2020]
rule make_predictions:
    input: /caldera/projects/usgs/water/iidd/datasci/drb_ml_model/experiments/subset/joint_modeling/ex_E2/4/trained_weights/, /caldera/projects/usgs/water/iidd/datasci/drb_ml_model/experiments/subset/joint_modeling/ex_E2/prepped.npz
    output: /caldera/projects/usgs/water/iidd/datasci/drb_ml_model/experiments/subset/joint_modeling/ex_E2/4/tst_preds.feather
    jobid: 42
    wildcards: outdir=/caldera/projects/usgs/water/iidd/datasci/drb_ml_model/experiments/subset/joint_modeling, experiment=E2, run_id=4, partition=tst

Submitted job 42 with external jobid 'Submitted batch job 13107'.
[Thu Aug  6 14:47:17 2020]
Finished job 42.
39 of 49 steps (80%) done

[Thu Aug  6 14:47:17 2020]
rule calc_overall_metrics:
    input: /caldera/projects/usgs/water/iidd/datasci/drb_ml_model/experiments/subset/joint_modeling/ex_E2/4/tst_preds.feather, /home/jsadler/drb-dl-model/data/in/obs_flow_full
    output: /caldera/projects/usgs/water/iidd/datasci/drb_ml_model/experiments/subset/joint_modeling/ex_E2/4/tst_flow_metrics.csv
    jobid: 32
    wildcards: outdir=/caldera/projects/usgs/water/iidd/datasci/drb_ml_model/experiments/subset/joint_modeling, experiment=E2, run_id=4, partition=tst, variable=flow

Submitted job 32 with external jobid 'Submitted batch job 13108'.

[Thu Aug  6 14:47:17 2020]
rule calc_overall_metrics:
    input: /caldera/projects/usgs/water/iidd/datasci/drb_ml_model/experiments/subset/joint_modeling/ex_E2/4/tst_preds.feather, /home/jsadler/drb-dl-model/data/in/obs_temp_full
    output: /caldera/projects/usgs/water/iidd/datasci/drb_ml_model/experiments/subset/joint_modeling/ex_E2/4/tst_temp_metrics.csv
    jobid: 31
    wildcards: outdir=/caldera/projects/usgs/water/iidd/datasci/drb_ml_model/experiments/subset/joint_modeling, experiment=E2, run_id=4, partition=tst, variable=temp

Submitted job 31 with external jobid 'Submitted batch job 13109'.
[Thu Aug  6 14:47:27 2020]
Finished job 41.
40 of 49 steps (82%) done
[Thu Aug  6 14:47:27 2020]
Finished job 32.
41 of 49 steps (84%) done

[Thu Aug  6 14:47:27 2020]
rule calc_overall_metrics:
    input: /caldera/projects/usgs/water/iidd/datasci/drb_ml_model/experiments/subset/joint_modeling/ex_E2/4/trn_preds.feather, /home/jsadler/drb-dl-model/data/in/obs_temp_full
    output: /caldera/projects/usgs/water/iidd/datasci/drb_ml_model/experiments/subset/joint_modeling/ex_E2/4/trn_temp_metrics.csv
    jobid: 29
    wildcards: outdir=/caldera/projects/usgs/water/iidd/datasci/drb_ml_model/experiments/subset/joint_modeling, experiment=E2, run_id=4, partition=trn, variable=temp

[Thu Aug  6 14:47:27 2020]
Finished job 31.
42 of 49 steps (86%) done
Submitted job 29 with external jobid 'Submitted batch job 13110'.

[Thu Aug  6 14:47:27 2020]
rule calc_reach_specific_metrics:
    input: /caldera/projects/usgs/water/iidd/datasci/drb_ml_model/experiments/subset/joint_modeling/ex_E2/4/trn_preds.feather, /caldera/projects/usgs/water/iidd/datasci/drb_ml_model/experiments/subset/joint_modeling/ex_E2/4/tst_preds.feather, /home/jsadler/drb-dl-model/data/in/obs_temp_full, /home/jsadler/drb-dl-model/data/in/obs_flow_full
    output: /caldera/projects/usgs/water/iidd/datasci/drb_ml_model/experiments/subset/joint_modeling/ex_E2/4/reach_metrics.csv
    jobid: 12
    wildcards: outdir=/caldera/projects/usgs/water/iidd/datasci/drb_ml_model/experiments/subset/joint_modeling, experiment=E2, run_id=4

Submitted job 12 with external jobid 'Submitted batch job 13111'.

[Thu Aug  6 14:47:27 2020]
rule calc_overall_metrics:
    input: /caldera/projects/usgs/water/iidd/datasci/drb_ml_model/experiments/subset/joint_modeling/ex_E2/4/trn_preds.feather, /home/jsadler/drb-dl-model/data/in/obs_flow_full
    output: /caldera/projects/usgs/water/iidd/datasci/drb_ml_model/experiments/subset/joint_modeling/ex_E2/4/trn_flow_metrics.csv
    jobid: 30
    wildcards: outdir=/caldera/projects/usgs/water/iidd/datasci/drb_ml_model/experiments/subset/joint_modeling, experiment=E2, run_id=4, partition=trn, variable=flow

Submitted job 30 with external jobid 'Submitted batch job 13112'.
[Thu Aug  6 14:47:37 2020]
Finished job 29.
43 of 49 steps (88%) done
[Thu Aug  6 14:47:37 2020]
Finished job 30.
44 of 49 steps (90%) done

[Thu Aug  6 14:47:37 2020]
rule combined_metrics:
    input: /caldera/projects/usgs/water/iidd/datasci/drb_ml_model/experiments/subset/joint_modeling/ex_E2/4/trn_temp_metrics.csv, /caldera/projects/usgs/water/iidd/datasci/drb_ml_model/experiments/subset/joint_modeling/ex_E2/4/trn_flow_metrics.csv, /caldera/projects/usgs/water/iidd/datasci/drb_ml_model/experiments/subset/joint_modeling/ex_E2/4/tst_temp_metrics.csv, /caldera/projects/usgs/water/iidd/datasci/drb_ml_model/experiments/subset/joint_modeling/ex_E2/4/tst_flow_metrics.csv
    output: /caldera/projects/usgs/water/iidd/datasci/drb_ml_model/experiments/subset/joint_modeling/ex_E2/4/combined_metrics.csv
    jobid: 7
    wildcards: outdir=/caldera/projects/usgs/water/iidd/datasci/drb_ml_model/experiments/subset/joint_modeling, experiment=E2, run_id=4

Submitted job 7 with external jobid 'Submitted batch job 13113'.
[Thu Aug  6 14:47:47 2020]
Finished job 12.
45 of 49 steps (92%) done
[Thu Aug  6 14:47:47 2020]
Finished job 7.
46 of 49 steps (94%) done

[Thu Aug  6 14:47:47 2020]
rule combined_run_reach_metrics:
    input: /caldera/projects/usgs/water/iidd/datasci/drb_ml_model/experiments/subset/joint_modeling/ex_E2/0/reach_metrics.csv, /caldera/projects/usgs/water/iidd/datasci/drb_ml_model/experiments/subset/joint_modeling/ex_E2/1/reach_metrics.csv, /caldera/projects/usgs/water/iidd/datasci/drb_ml_model/experiments/subset/joint_modeling/ex_E2/2/reach_metrics.csv, /caldera/projects/usgs/water/iidd/datasci/drb_ml_model/experiments/subset/joint_modeling/ex_E2/3/reach_metrics.csv, /caldera/projects/usgs/water/iidd/datasci/drb_ml_model/experiments/subset/joint_modeling/ex_E2/4/reach_metrics.csv
    output: /caldera/projects/usgs/water/iidd/datasci/drb_ml_model/experiments/subset/joint_modeling/ex_E2/overall_reach_metrics.nc
    jobid: 2
    wildcards: outdir=/caldera/projects/usgs/water/iidd/datasci/drb_ml_model/experiments/subset/joint_modeling, experiment=E2

Submitted job 2 with external jobid 'Submitted batch job 13114'.

[Thu Aug  6 14:47:47 2020]
rule combined_run_metrics:
    input: /caldera/projects/usgs/water/iidd/datasci/drb_ml_model/experiments/subset/joint_modeling/ex_E2/0/combined_metrics.csv, /caldera/projects/usgs/water/iidd/datasci/drb_ml_model/experiments/subset/joint_modeling/ex_E2/1/combined_metrics.csv, /caldera/projects/usgs/water/iidd/datasci/drb_ml_model/experiments/subset/joint_modeling/ex_E2/2/combined_metrics.csv, /caldera/projects/usgs/water/iidd/datasci/drb_ml_model/experiments/subset/joint_modeling/ex_E2/3/combined_metrics.csv, /caldera/projects/usgs/water/iidd/datasci/drb_ml_model/experiments/subset/joint_modeling/ex_E2/4/combined_metrics.csv
    output: /caldera/projects/usgs/water/iidd/datasci/drb_ml_model/experiments/subset/joint_modeling/ex_E2/overall_metrics.nc
    jobid: 1
    wildcards: outdir=/caldera/projects/usgs/water/iidd/datasci/drb_ml_model/experiments/subset/joint_modeling, experiment=E2

Submitted job 1 with external jobid 'Submitted batch job 13115'.
[Thu Aug  6 14:47:57 2020]
Finished job 2.
47 of 49 steps (96%) done
[Thu Aug  6 14:47:57 2020]
Finished job 1.
48 of 49 steps (98%) done

[Thu Aug  6 14:47:57 2020]
localrule all:
    input: /caldera/projects/usgs/water/iidd/datasci/drb_ml_model/experiments/subset/joint_modeling/ex_E2/overall_metrics.nc, /caldera/projects/usgs/water/iidd/datasci/drb_ml_model/experiments/subset/joint_modeling/ex_E2/overall_reach_metrics.nc
    jobid: 0

[Thu Aug  6 14:47:57 2020]
Finished job 0.
49 of 49 steps (100%) done
Complete log: /home/jsadler/dl_experiments/subset/.snakemake/log/2020-08-06T133629.951936.snakemake.log
