Building DAG of jobs...
Using shell: /usr/bin/bash
Provided cluster nodes: 5
Job counts:
	count	jobs
	1	all
	20	calc_overall_metrics
	5	calc_reach_specific_metrics
	5	combined_metrics
	1	combined_run_metrics
	1	combined_run_reach_metrics
	10	make_predictions
	1	prep_io_data
	5	train
	49

[Thu Aug 13 16:22:13 2020]
rule prep_io_data:
    input: /home/jsadler/drb-dl-model/data/in/obs_temp_full, /home/jsadler/drb-dl-model/data/in/obs_flow_full, /home/jsadler/drb-dl-model/data/in/uncal_sntemp_input_output_subset, /home/jsadler/drb-dl-model/data/in/distance_matrix_subset.npz, /home/jsadler/drb-dl-model/data/in/seg_attr_drb.feather
    output: /caldera/projects/usgs/water/iidd/datasci/drb_ml_model/experiments/subset/joint_modeling_log_q/ex_H5/prepped.npz
    jobid: 44
    wildcards: outdir=/caldera/projects/usgs/water/iidd/datasci/drb_ml_model/experiments/subset/joint_modeling_log_q/ex_H5

Submitted job 44 with external jobid 'Submitted batch job 14952'.
[Thu Aug 13 16:22:53 2020]
Finished job 44.
1 of 49 steps (2%) done

[Thu Aug 13 16:22:53 2020]
rule train:
    input: /caldera/projects/usgs/water/iidd/datasci/drb_ml_model/experiments/subset/joint_modeling_log_q/ex_H5/prepped.npz
    output: /caldera/projects/usgs/water/iidd/datasci/drb_ml_model/experiments/subset/joint_modeling_log_q/ex_H5/3/trained_weights/, /caldera/projects/usgs/water/iidd/datasci/drb_ml_model/experiments/subset/joint_modeling_log_q/ex_H5/3/pretrained_weights/
    jobid: 47
    wildcards: outdir=/caldera/projects/usgs/water/iidd/datasci/drb_ml_model/experiments/subset/joint_modeling_log_q, experiment=H5, run_id=3


         "python /home/jsadler/drb-dl-model/river_dl/train_model.py -o /caldera/projects/usgs/water/iidd/datasci/drb_ml_model/experiments/subset/joint_modeling_log_q/ex_H5/3 -i /caldera/projects/usgs/water/iidd/datasci/drb_ml_model/experiments/subset/joint_modeling_log_q/ex_H5/prepped.npz -m /caldera/projects/usgs/water/iidd/datasci/drb_ml_model/experiments/subset/joint_modeling_log_q/ex_H5/3/trained_weights/ -p 200 -f 100 -q" 
         
Submitted job 47 with external jobid 'Submitted batch job 14957'.

[Thu Aug 13 16:22:53 2020]
rule train:
    input: /caldera/projects/usgs/water/iidd/datasci/drb_ml_model/experiments/subset/joint_modeling_log_q/ex_H5/prepped.npz
    output: /caldera/projects/usgs/water/iidd/datasci/drb_ml_model/experiments/subset/joint_modeling_log_q/ex_H5/1/trained_weights/, /caldera/projects/usgs/water/iidd/datasci/drb_ml_model/experiments/subset/joint_modeling_log_q/ex_H5/1/pretrained_weights/
    jobid: 45
    wildcards: outdir=/caldera/projects/usgs/water/iidd/datasci/drb_ml_model/experiments/subset/joint_modeling_log_q, experiment=H5, run_id=1


         "python /home/jsadler/drb-dl-model/river_dl/train_model.py -o /caldera/projects/usgs/water/iidd/datasci/drb_ml_model/experiments/subset/joint_modeling_log_q/ex_H5/1 -i /caldera/projects/usgs/water/iidd/datasci/drb_ml_model/experiments/subset/joint_modeling_log_q/ex_H5/prepped.npz -m /caldera/projects/usgs/water/iidd/datasci/drb_ml_model/experiments/subset/joint_modeling_log_q/ex_H5/1/trained_weights/ -p 200 -f 100 -q" 
         
Submitted job 45 with external jobid 'Submitted batch job 14962'.

[Thu Aug 13 16:22:53 2020]
rule train:
    input: /caldera/projects/usgs/water/iidd/datasci/drb_ml_model/experiments/subset/joint_modeling_log_q/ex_H5/prepped.npz
    output: /caldera/projects/usgs/water/iidd/datasci/drb_ml_model/experiments/subset/joint_modeling_log_q/ex_H5/2/trained_weights/, /caldera/projects/usgs/water/iidd/datasci/drb_ml_model/experiments/subset/joint_modeling_log_q/ex_H5/2/pretrained_weights/
    jobid: 46
    wildcards: outdir=/caldera/projects/usgs/water/iidd/datasci/drb_ml_model/experiments/subset/joint_modeling_log_q, experiment=H5, run_id=2


         "python /home/jsadler/drb-dl-model/river_dl/train_model.py -o /caldera/projects/usgs/water/iidd/datasci/drb_ml_model/experiments/subset/joint_modeling_log_q/ex_H5/2 -i /caldera/projects/usgs/water/iidd/datasci/drb_ml_model/experiments/subset/joint_modeling_log_q/ex_H5/prepped.npz -m /caldera/projects/usgs/water/iidd/datasci/drb_ml_model/experiments/subset/joint_modeling_log_q/ex_H5/2/trained_weights/ -p 200 -f 100 -q" 
         
Submitted job 46 with external jobid 'Submitted batch job 14967'.

[Thu Aug 13 16:22:53 2020]
rule train:
    input: /caldera/projects/usgs/water/iidd/datasci/drb_ml_model/experiments/subset/joint_modeling_log_q/ex_H5/prepped.npz
    output: /caldera/projects/usgs/water/iidd/datasci/drb_ml_model/experiments/subset/joint_modeling_log_q/ex_H5/0/trained_weights/, /caldera/projects/usgs/water/iidd/datasci/drb_ml_model/experiments/subset/joint_modeling_log_q/ex_H5/0/pretrained_weights/
    jobid: 43
    wildcards: outdir=/caldera/projects/usgs/water/iidd/datasci/drb_ml_model/experiments/subset/joint_modeling_log_q, experiment=H5, run_id=0


         "python /home/jsadler/drb-dl-model/river_dl/train_model.py -o /caldera/projects/usgs/water/iidd/datasci/drb_ml_model/experiments/subset/joint_modeling_log_q/ex_H5/0 -i /caldera/projects/usgs/water/iidd/datasci/drb_ml_model/experiments/subset/joint_modeling_log_q/ex_H5/prepped.npz -m /caldera/projects/usgs/water/iidd/datasci/drb_ml_model/experiments/subset/joint_modeling_log_q/ex_H5/0/trained_weights/ -p 200 -f 100 -q" 
         
Submitted job 43 with external jobid 'Submitted batch job 14968'.

[Thu Aug 13 16:22:53 2020]
rule train:
    input: /caldera/projects/usgs/water/iidd/datasci/drb_ml_model/experiments/subset/joint_modeling_log_q/ex_H5/prepped.npz
    output: /caldera/projects/usgs/water/iidd/datasci/drb_ml_model/experiments/subset/joint_modeling_log_q/ex_H5/4/trained_weights/, /caldera/projects/usgs/water/iidd/datasci/drb_ml_model/experiments/subset/joint_modeling_log_q/ex_H5/4/pretrained_weights/
    jobid: 48
    wildcards: outdir=/caldera/projects/usgs/water/iidd/datasci/drb_ml_model/experiments/subset/joint_modeling_log_q, experiment=H5, run_id=4


         "python /home/jsadler/drb-dl-model/river_dl/train_model.py -o /caldera/projects/usgs/water/iidd/datasci/drb_ml_model/experiments/subset/joint_modeling_log_q/ex_H5/4 -i /caldera/projects/usgs/water/iidd/datasci/drb_ml_model/experiments/subset/joint_modeling_log_q/ex_H5/prepped.npz -m /caldera/projects/usgs/water/iidd/datasci/drb_ml_model/experiments/subset/joint_modeling_log_q/ex_H5/4/trained_weights/ -p 200 -f 100 -q" 
         
Submitted job 48 with external jobid 'Submitted batch job 14973'.
[Thu Aug 13 16:55:25 2020]
Finished job 47.
2 of 49 steps (4%) done

[Thu Aug 13 16:55:25 2020]
rule make_predictions:
    input: /caldera/projects/usgs/water/iidd/datasci/drb_ml_model/experiments/subset/joint_modeling_log_q/ex_H5/3/trained_weights/, /caldera/projects/usgs/water/iidd/datasci/drb_ml_model/experiments/subset/joint_modeling_log_q/ex_H5/prepped.npz
    output: /caldera/projects/usgs/water/iidd/datasci/drb_ml_model/experiments/subset/joint_modeling_log_q/ex_H5/3/trn_preds.feather
    jobid: 39
    wildcards: outdir=/caldera/projects/usgs/water/iidd/datasci/drb_ml_model/experiments/subset/joint_modeling_log_q, experiment=H5, run_id=3, partition=trn

Submitted job 39 with external jobid 'Submitted batch job 14990'.
[Thu Aug 13 16:55:45 2020]
Finished job 46.
3 of 49 steps (6%) done

[Thu Aug 13 16:55:45 2020]
rule make_predictions:
    input: /caldera/projects/usgs/water/iidd/datasci/drb_ml_model/experiments/subset/joint_modeling_log_q/ex_H5/2/trained_weights/, /caldera/projects/usgs/water/iidd/datasci/drb_ml_model/experiments/subset/joint_modeling_log_q/ex_H5/prepped.npz
    output: /caldera/projects/usgs/water/iidd/datasci/drb_ml_model/experiments/subset/joint_modeling_log_q/ex_H5/2/trn_preds.feather
    jobid: 37
    wildcards: outdir=/caldera/projects/usgs/water/iidd/datasci/drb_ml_model/experiments/subset/joint_modeling_log_q, experiment=H5, run_id=2, partition=trn

Submitted job 37 with external jobid 'Submitted batch job 14992'.
[Thu Aug 13 16:57:56 2020]
Finished job 43.
4 of 49 steps (8%) done

[Thu Aug 13 16:57:56 2020]
rule make_predictions:
    input: /caldera/projects/usgs/water/iidd/datasci/drb_ml_model/experiments/subset/joint_modeling_log_q/ex_H5/0/trained_weights/, /caldera/projects/usgs/water/iidd/datasci/drb_ml_model/experiments/subset/joint_modeling_log_q/ex_H5/prepped.npz
    output: /caldera/projects/usgs/water/iidd/datasci/drb_ml_model/experiments/subset/joint_modeling_log_q/ex_H5/0/trn_preds.feather
    jobid: 33
    wildcards: outdir=/caldera/projects/usgs/water/iidd/datasci/drb_ml_model/experiments/subset/joint_modeling_log_q, experiment=H5, run_id=0, partition=trn

Submitted job 33 with external jobid 'Submitted batch job 15053'.
[Thu Aug 13 16:58:06 2020]
Finished job 45.
5 of 49 steps (10%) done

[Thu Aug 13 16:58:06 2020]
rule make_predictions:
    input: /caldera/projects/usgs/water/iidd/datasci/drb_ml_model/experiments/subset/joint_modeling_log_q/ex_H5/2/trained_weights/, /caldera/projects/usgs/water/iidd/datasci/drb_ml_model/experiments/subset/joint_modeling_log_q/ex_H5/prepped.npz
    output: /caldera/projects/usgs/water/iidd/datasci/drb_ml_model/experiments/subset/joint_modeling_log_q/ex_H5/2/tst_preds.feather
    jobid: 38
    wildcards: outdir=/caldera/projects/usgs/water/iidd/datasci/drb_ml_model/experiments/subset/joint_modeling_log_q, experiment=H5, run_id=2, partition=tst

[Thu Aug 13 16:58:06 2020]
Finished job 39.
6 of 49 steps (12%) done
[Thu Aug 13 16:58:06 2020]
Finished job 37.
7 of 49 steps (14%) done
Submitted job 38 with external jobid 'Submitted batch job 15055'.

[Thu Aug 13 16:58:06 2020]
rule make_predictions:
    input: /caldera/projects/usgs/water/iidd/datasci/drb_ml_model/experiments/subset/joint_modeling_log_q/ex_H5/0/trained_weights/, /caldera/projects/usgs/water/iidd/datasci/drb_ml_model/experiments/subset/joint_modeling_log_q/ex_H5/prepped.npz
    output: /caldera/projects/usgs/water/iidd/datasci/drb_ml_model/experiments/subset/joint_modeling_log_q/ex_H5/0/tst_preds.feather
    jobid: 34
    wildcards: outdir=/caldera/projects/usgs/water/iidd/datasci/drb_ml_model/experiments/subset/joint_modeling_log_q, experiment=H5, run_id=0, partition=tst

Submitted job 34 with external jobid 'Submitted batch job 15058'.

[Thu Aug 13 16:58:06 2020]
rule make_predictions:
    input: /caldera/projects/usgs/water/iidd/datasci/drb_ml_model/experiments/subset/joint_modeling_log_q/ex_H5/1/trained_weights/, /caldera/projects/usgs/water/iidd/datasci/drb_ml_model/experiments/subset/joint_modeling_log_q/ex_H5/prepped.npz
    output: /caldera/projects/usgs/water/iidd/datasci/drb_ml_model/experiments/subset/joint_modeling_log_q/ex_H5/1/trn_preds.feather
    jobid: 35
    wildcards: outdir=/caldera/projects/usgs/water/iidd/datasci/drb_ml_model/experiments/subset/joint_modeling_log_q, experiment=H5, run_id=1, partition=trn

Submitted job 35 with external jobid 'Submitted batch job 15059'.
[Thu Aug 13 17:28:58 2020]
Finished job 48.
8 of 49 steps (16%) done

[Thu Aug 13 17:28:58 2020]
rule make_predictions:
    input: /caldera/projects/usgs/water/iidd/datasci/drb_ml_model/experiments/subset/joint_modeling_log_q/ex_H5/4/trained_weights/, /caldera/projects/usgs/water/iidd/datasci/drb_ml_model/experiments/subset/joint_modeling_log_q/ex_H5/prepped.npz
    output: /caldera/projects/usgs/water/iidd/datasci/drb_ml_model/experiments/subset/joint_modeling_log_q/ex_H5/4/trn_preds.feather
    jobid: 41
    wildcards: outdir=/caldera/projects/usgs/water/iidd/datasci/drb_ml_model/experiments/subset/joint_modeling_log_q, experiment=H5, run_id=4, partition=trn

Submitted job 41 with external jobid 'Submitted batch job 15070'.
[Thu Aug 13 18:35:32 2020]
Finished job 33.
9 of 49 steps (18%) done

[Thu Aug 13 18:35:32 2020]
rule make_predictions:
    input: /caldera/projects/usgs/water/iidd/datasci/drb_ml_model/experiments/subset/joint_modeling_log_q/ex_H5/3/trained_weights/, /caldera/projects/usgs/water/iidd/datasci/drb_ml_model/experiments/subset/joint_modeling_log_q/ex_H5/prepped.npz
    output: /caldera/projects/usgs/water/iidd/datasci/drb_ml_model/experiments/subset/joint_modeling_log_q/ex_H5/3/tst_preds.feather
    jobid: 40
    wildcards: outdir=/caldera/projects/usgs/water/iidd/datasci/drb_ml_model/experiments/subset/joint_modeling_log_q, experiment=H5, run_id=3, partition=tst

Submitted job 40 with external jobid 'Submitted batch job 15116'.
[Thu Aug 13 18:35:52 2020]
Finished job 38.
10 of 49 steps (20%) done

[Thu Aug 13 18:35:52 2020]
rule make_predictions:
    input: /caldera/projects/usgs/water/iidd/datasci/drb_ml_model/experiments/subset/joint_modeling_log_q/ex_H5/1/trained_weights/, /caldera/projects/usgs/water/iidd/datasci/drb_ml_model/experiments/subset/joint_modeling_log_q/ex_H5/prepped.npz
    output: /caldera/projects/usgs/water/iidd/datasci/drb_ml_model/experiments/subset/joint_modeling_log_q/ex_H5/1/tst_preds.feather
    jobid: 36
    wildcards: outdir=/caldera/projects/usgs/water/iidd/datasci/drb_ml_model/experiments/subset/joint_modeling_log_q, experiment=H5, run_id=1, partition=tst

Submitted job 36 with external jobid 'Submitted batch job 15118'.
[Thu Aug 13 18:36:22 2020]
Finished job 34.
11 of 49 steps (22%) done

[Thu Aug 13 18:36:22 2020]
rule make_predictions:
    input: /caldera/projects/usgs/water/iidd/datasci/drb_ml_model/experiments/subset/joint_modeling_log_q/ex_H5/4/trained_weights/, /caldera/projects/usgs/water/iidd/datasci/drb_ml_model/experiments/subset/joint_modeling_log_q/ex_H5/prepped.npz
    output: /caldera/projects/usgs/water/iidd/datasci/drb_ml_model/experiments/subset/joint_modeling_log_q/ex_H5/4/tst_preds.feather
    jobid: 42
    wildcards: outdir=/caldera/projects/usgs/water/iidd/datasci/drb_ml_model/experiments/subset/joint_modeling_log_q, experiment=H5, run_id=4, partition=tst

Submitted job 42 with external jobid 'Submitted batch job 15122'.
[Thu Aug 13 18:36:32 2020]
Finished job 35.
12 of 49 steps (24%) done

[Thu Aug 13 18:36:32 2020]
rule calc_reach_specific_metrics:
    input: /caldera/projects/usgs/water/iidd/datasci/drb_ml_model/experiments/subset/joint_modeling_log_q/ex_H5/0/trn_preds.feather, /caldera/projects/usgs/water/iidd/datasci/drb_ml_model/experiments/subset/joint_modeling_log_q/ex_H5/0/tst_preds.feather, /home/jsadler/drb-dl-model/data/in/obs_temp_full, /home/jsadler/drb-dl-model/data/in/obs_flow_full
    output: /caldera/projects/usgs/water/iidd/datasci/drb_ml_model/experiments/subset/joint_modeling_log_q/ex_H5/0/reach_metrics.csv
    jobid: 8
    wildcards: outdir=/caldera/projects/usgs/water/iidd/datasci/drb_ml_model/experiments/subset/joint_modeling_log_q, experiment=H5, run_id=0

Submitted job 8 with external jobid 'Submitted batch job 15124'.
[Thu Aug 13 18:37:52 2020]
Finished job 41.
13 of 49 steps (27%) done

[Thu Aug 13 18:37:52 2020]
rule calc_reach_specific_metrics:
    input: /caldera/projects/usgs/water/iidd/datasci/drb_ml_model/experiments/subset/joint_modeling_log_q/ex_H5/2/trn_preds.feather, /caldera/projects/usgs/water/iidd/datasci/drb_ml_model/experiments/subset/joint_modeling_log_q/ex_H5/2/tst_preds.feather, /home/jsadler/drb-dl-model/data/in/obs_temp_full, /home/jsadler/drb-dl-model/data/in/obs_flow_full
    output: /caldera/projects/usgs/water/iidd/datasci/drb_ml_model/experiments/subset/joint_modeling_log_q/ex_H5/2/reach_metrics.csv
    jobid: 10
    wildcards: outdir=/caldera/projects/usgs/water/iidd/datasci/drb_ml_model/experiments/subset/joint_modeling_log_q, experiment=H5, run_id=2

Submitted job 10 with external jobid 'Submitted batch job 15134'.
[Thu Aug 13 18:41:43 2020]
Finished job 40.
14 of 49 steps (29%) done

[Thu Aug 13 18:41:43 2020]
rule calc_reach_specific_metrics:
    input: /caldera/projects/usgs/water/iidd/datasci/drb_ml_model/experiments/subset/joint_modeling_log_q/ex_H5/3/trn_preds.feather, /caldera/projects/usgs/water/iidd/datasci/drb_ml_model/experiments/subset/joint_modeling_log_q/ex_H5/3/tst_preds.feather, /home/jsadler/drb-dl-model/data/in/obs_temp_full, /home/jsadler/drb-dl-model/data/in/obs_flow_full
    output: /caldera/projects/usgs/water/iidd/datasci/drb_ml_model/experiments/subset/joint_modeling_log_q/ex_H5/3/reach_metrics.csv
    jobid: 11
    wildcards: outdir=/caldera/projects/usgs/water/iidd/datasci/drb_ml_model/experiments/subset/joint_modeling_log_q, experiment=H5, run_id=3

Submitted job 11 with external jobid 'Submitted batch job 15188'.
[Thu Aug 13 18:41:53 2020]
Finished job 36.
15 of 49 steps (31%) done
[Thu Aug 13 18:41:53 2020]
Finished job 8.
16 of 49 steps (33%) done

[Thu Aug 13 18:41:53 2020]
rule calc_reach_specific_metrics:
    input: /caldera/projects/usgs/water/iidd/datasci/drb_ml_model/experiments/subset/joint_modeling_log_q/ex_H5/1/trn_preds.feather, /caldera/projects/usgs/water/iidd/datasci/drb_ml_model/experiments/subset/joint_modeling_log_q/ex_H5/1/tst_preds.feather, /home/jsadler/drb-dl-model/data/in/obs_temp_full, /home/jsadler/drb-dl-model/data/in/obs_flow_full
    output: /caldera/projects/usgs/water/iidd/datasci/drb_ml_model/experiments/subset/joint_modeling_log_q/ex_H5/1/reach_metrics.csv
    jobid: 9
    wildcards: outdir=/caldera/projects/usgs/water/iidd/datasci/drb_ml_model/experiments/subset/joint_modeling_log_q, experiment=H5, run_id=1

Submitted job 9 with external jobid 'Submitted batch job 15191'.

[Thu Aug 13 18:41:53 2020]
rule calc_overall_metrics:
    input: /caldera/projects/usgs/water/iidd/datasci/drb_ml_model/experiments/subset/joint_modeling_log_q/ex_H5/3/trn_preds.feather, /home/jsadler/drb-dl-model/data/in/obs_temp_full
    output: /caldera/projects/usgs/water/iidd/datasci/drb_ml_model/experiments/subset/joint_modeling_log_q/ex_H5/3/trn_temp_metrics.csv
    jobid: 25
    wildcards: outdir=/caldera/projects/usgs/water/iidd/datasci/drb_ml_model/experiments/subset/joint_modeling_log_q, experiment=H5, run_id=3, partition=trn, variable=temp

Submitted job 25 with external jobid 'Submitted batch job 15192'.
[Thu Aug 13 18:42:13 2020]
Finished job 10.
17 of 49 steps (35%) done

[Thu Aug 13 18:42:13 2020]
rule calc_overall_metrics:
    input: /caldera/projects/usgs/water/iidd/datasci/drb_ml_model/experiments/subset/joint_modeling_log_q/ex_H5/1/trn_preds.feather, /home/jsadler/drb-dl-model/data/in/obs_temp_full
    output: /caldera/projects/usgs/water/iidd/datasci/drb_ml_model/experiments/subset/joint_modeling_log_q/ex_H5/1/trn_temp_metrics.csv
    jobid: 17
    wildcards: outdir=/caldera/projects/usgs/water/iidd/datasci/drb_ml_model/experiments/subset/joint_modeling_log_q, experiment=H5, run_id=1, partition=trn, variable=temp

Submitted job 17 with external jobid 'Submitted batch job 15198'.
[Thu Aug 13 18:42:23 2020]
Finished job 42.
18 of 49 steps (37%) done

[Thu Aug 13 18:42:23 2020]
rule calc_reach_specific_metrics:
    input: /caldera/projects/usgs/water/iidd/datasci/drb_ml_model/experiments/subset/joint_modeling_log_q/ex_H5/4/trn_preds.feather, /caldera/projects/usgs/water/iidd/datasci/drb_ml_model/experiments/subset/joint_modeling_log_q/ex_H5/4/tst_preds.feather, /home/jsadler/drb-dl-model/data/in/obs_temp_full, /home/jsadler/drb-dl-model/data/in/obs_flow_full
    output: /caldera/projects/usgs/water/iidd/datasci/drb_ml_model/experiments/subset/joint_modeling_log_q/ex_H5/4/reach_metrics.csv
    jobid: 12
    wildcards: outdir=/caldera/projects/usgs/water/iidd/datasci/drb_ml_model/experiments/subset/joint_modeling_log_q, experiment=H5, run_id=4

Submitted job 12 with external jobid 'Submitted batch job 15203'.
[Thu Aug 13 18:45:23 2020]
Finished job 11.
19 of 49 steps (39%) done

[Thu Aug 13 18:45:23 2020]
rule calc_overall_metrics:
    input: /caldera/projects/usgs/water/iidd/datasci/drb_ml_model/experiments/subset/joint_modeling_log_q/ex_H5/2/trn_preds.feather, /home/jsadler/drb-dl-model/data/in/obs_temp_full
    output: /caldera/projects/usgs/water/iidd/datasci/drb_ml_model/experiments/subset/joint_modeling_log_q/ex_H5/2/trn_temp_metrics.csv
    jobid: 21
    wildcards: outdir=/caldera/projects/usgs/water/iidd/datasci/drb_ml_model/experiments/subset/joint_modeling_log_q, experiment=H5, run_id=2, partition=trn, variable=temp

[Thu Aug 13 18:45:23 2020]
Finished job 25.
20 of 49 steps (41%) done
Submitted job 21 with external jobid 'Submitted batch job 15253'.

[Thu Aug 13 18:45:23 2020]
rule calc_overall_metrics:
    input: /caldera/projects/usgs/water/iidd/datasci/drb_ml_model/experiments/subset/joint_modeling_log_q/ex_H5/4/trn_preds.feather, /home/jsadler/drb-dl-model/data/in/obs_temp_full
    output: /caldera/projects/usgs/water/iidd/datasci/drb_ml_model/experiments/subset/joint_modeling_log_q/ex_H5/4/trn_temp_metrics.csv
    jobid: 29
    wildcards: outdir=/caldera/projects/usgs/water/iidd/datasci/drb_ml_model/experiments/subset/joint_modeling_log_q, experiment=H5, run_id=4, partition=trn, variable=temp

Submitted job 29 with external jobid 'Submitted batch job 15254'.
[Thu Aug 13 18:45:33 2020]
Finished job 9.
21 of 49 steps (43%) done

[Thu Aug 13 18:45:33 2020]
rule calc_overall_metrics:
    input: /caldera/projects/usgs/water/iidd/datasci/drb_ml_model/experiments/subset/joint_modeling_log_q/ex_H5/3/trn_preds.feather, /home/jsadler/drb-dl-model/data/in/obs_flow_full
    output: /caldera/projects/usgs/water/iidd/datasci/drb_ml_model/experiments/subset/joint_modeling_log_q/ex_H5/3/trn_flow_metrics.csv
    jobid: 26
    wildcards: outdir=/caldera/projects/usgs/water/iidd/datasci/drb_ml_model/experiments/subset/joint_modeling_log_q, experiment=H5, run_id=3, partition=trn, variable=flow

[Thu Aug 13 18:45:33 2020]
Finished job 17.
22 of 49 steps (45%) done
Submitted job 26 with external jobid 'Submitted batch job 15264'.

[Thu Aug 13 18:45:33 2020]
rule calc_overall_metrics:
    input: /caldera/projects/usgs/water/iidd/datasci/drb_ml_model/experiments/subset/joint_modeling_log_q/ex_H5/1/trn_preds.feather, /home/jsadler/drb-dl-model/data/in/obs_flow_full
    output: /caldera/projects/usgs/water/iidd/datasci/drb_ml_model/experiments/subset/joint_modeling_log_q/ex_H5/1/trn_flow_metrics.csv
    jobid: 18
    wildcards: outdir=/caldera/projects/usgs/water/iidd/datasci/drb_ml_model/experiments/subset/joint_modeling_log_q, experiment=H5, run_id=1, partition=trn, variable=flow

Submitted job 18 with external jobid 'Submitted batch job 15265'.
[Thu Aug 13 18:45:43 2020]
Finished job 12.
23 of 49 steps (47%) done

[Thu Aug 13 18:45:43 2020]
rule calc_overall_metrics:
    input: /caldera/projects/usgs/water/iidd/datasci/drb_ml_model/experiments/subset/joint_modeling_log_q/ex_H5/2/trn_preds.feather, /home/jsadler/drb-dl-model/data/in/obs_flow_full
    output: /caldera/projects/usgs/water/iidd/datasci/drb_ml_model/experiments/subset/joint_modeling_log_q/ex_H5/2/trn_flow_metrics.csv
    jobid: 22
    wildcards: outdir=/caldera/projects/usgs/water/iidd/datasci/drb_ml_model/experiments/subset/joint_modeling_log_q, experiment=H5, run_id=2, partition=trn, variable=flow

Submitted job 22 with external jobid 'Submitted batch job 15273'.
[Thu Aug 13 18:46:53 2020]
Finished job 21.
24 of 49 steps (49%) done

[Thu Aug 13 18:46:53 2020]
rule calc_overall_metrics:
    input: /caldera/projects/usgs/water/iidd/datasci/drb_ml_model/experiments/subset/joint_modeling_log_q/ex_H5/4/trn_preds.feather, /home/jsadler/drb-dl-model/data/in/obs_flow_full
    output: /caldera/projects/usgs/water/iidd/datasci/drb_ml_model/experiments/subset/joint_modeling_log_q/ex_H5/4/trn_flow_metrics.csv
    jobid: 30
    wildcards: outdir=/caldera/projects/usgs/water/iidd/datasci/drb_ml_model/experiments/subset/joint_modeling_log_q, experiment=H5, run_id=4, partition=trn, variable=flow

[Thu Aug 13 18:46:53 2020]
Finished job 29.
25 of 49 steps (51%) done
Submitted job 30 with external jobid 'Submitted batch job 15318'.

[Thu Aug 13 18:46:53 2020]
rule calc_overall_metrics:
    input: /caldera/projects/usgs/water/iidd/datasci/drb_ml_model/experiments/subset/joint_modeling_log_q/ex_H5/0/trn_preds.feather, /home/jsadler/drb-dl-model/data/in/obs_temp_full
    output: /caldera/projects/usgs/water/iidd/datasci/drb_ml_model/experiments/subset/joint_modeling_log_q/ex_H5/0/trn_temp_metrics.csv
    jobid: 13
    wildcards: outdir=/caldera/projects/usgs/water/iidd/datasci/drb_ml_model/experiments/subset/joint_modeling_log_q, experiment=H5, run_id=0, partition=trn, variable=temp

Submitted job 13 with external jobid 'Submitted batch job 15319'.
[Thu Aug 13 18:47:03 2020]
Finished job 26.
26 of 49 steps (53%) done

[Thu Aug 13 18:47:03 2020]
rule calc_overall_metrics:
    input: /caldera/projects/usgs/water/iidd/datasci/drb_ml_model/experiments/subset/joint_modeling_log_q/ex_H5/0/trn_preds.feather, /home/jsadler/drb-dl-model/data/in/obs_flow_full
    output: /caldera/projects/usgs/water/iidd/datasci/drb_ml_model/experiments/subset/joint_modeling_log_q/ex_H5/0/trn_flow_metrics.csv
    jobid: 14
    wildcards: outdir=/caldera/projects/usgs/water/iidd/datasci/drb_ml_model/experiments/subset/joint_modeling_log_q, experiment=H5, run_id=0, partition=trn, variable=flow

[Thu Aug 13 18:47:03 2020]
Finished job 18.
27 of 49 steps (55%) done
Submitted job 14 with external jobid 'Submitted batch job 15333'.

[Thu Aug 13 18:47:03 2020]
rule calc_overall_metrics:
    input: /caldera/projects/usgs/water/iidd/datasci/drb_ml_model/experiments/subset/joint_modeling_log_q/ex_H5/3/tst_preds.feather, /home/jsadler/drb-dl-model/data/in/obs_flow_full
    output: /caldera/projects/usgs/water/iidd/datasci/drb_ml_model/experiments/subset/joint_modeling_log_q/ex_H5/3/tst_flow_metrics.csv
    jobid: 28
    wildcards: outdir=/caldera/projects/usgs/water/iidd/datasci/drb_ml_model/experiments/subset/joint_modeling_log_q, experiment=H5, run_id=3, partition=tst, variable=flow

Submitted job 28 with external jobid 'Submitted batch job 15334'.
[Thu Aug 13 18:47:13 2020]
Finished job 22.
28 of 49 steps (57%) done

[Thu Aug 13 18:47:13 2020]
rule calc_overall_metrics:
    input: /caldera/projects/usgs/water/iidd/datasci/drb_ml_model/experiments/subset/joint_modeling_log_q/ex_H5/1/tst_preds.feather, /home/jsadler/drb-dl-model/data/in/obs_flow_full
    output: /caldera/projects/usgs/water/iidd/datasci/drb_ml_model/experiments/subset/joint_modeling_log_q/ex_H5/1/tst_flow_metrics.csv
    jobid: 20
    wildcards: outdir=/caldera/projects/usgs/water/iidd/datasci/drb_ml_model/experiments/subset/joint_modeling_log_q, experiment=H5, run_id=1, partition=tst, variable=flow

Submitted job 20 with external jobid 'Submitted batch job 15347'.
[Thu Aug 13 18:47:43 2020]
Finished job 30.
29 of 49 steps (59%) done

[Thu Aug 13 18:47:43 2020]
rule calc_overall_metrics:
    input: /caldera/projects/usgs/water/iidd/datasci/drb_ml_model/experiments/subset/joint_modeling_log_q/ex_H5/0/tst_preds.feather, /home/jsadler/drb-dl-model/data/in/obs_temp_full
    output: /caldera/projects/usgs/water/iidd/datasci/drb_ml_model/experiments/subset/joint_modeling_log_q/ex_H5/0/tst_temp_metrics.csv
    jobid: 15
    wildcards: outdir=/caldera/projects/usgs/water/iidd/datasci/drb_ml_model/experiments/subset/joint_modeling_log_q, experiment=H5, run_id=0, partition=tst, variable=temp

Submitted job 15 with external jobid 'Submitted batch job 15394'.
[Thu Aug 13 18:47:43 2020]
Finished job 13.
30 of 49 steps (61%) done

[Thu Aug 13 18:47:43 2020]
rule calc_overall_metrics:
    input: /caldera/projects/usgs/water/iidd/datasci/drb_ml_model/experiments/subset/joint_modeling_log_q/ex_H5/0/tst_preds.feather, /home/jsadler/drb-dl-model/data/in/obs_flow_full
    output: /caldera/projects/usgs/water/iidd/datasci/drb_ml_model/experiments/subset/joint_modeling_log_q/ex_H5/0/tst_flow_metrics.csv
    jobid: 16
    wildcards: outdir=/caldera/projects/usgs/water/iidd/datasci/drb_ml_model/experiments/subset/joint_modeling_log_q, experiment=H5, run_id=0, partition=tst, variable=flow

[Thu Aug 13 18:47:43 2020]
Finished job 14.
31 of 49 steps (63%) done
[Thu Aug 13 18:47:43 2020]
Finished job 28.
32 of 49 steps (65%) done
Submitted job 16 with external jobid 'Submitted batch job 15396'.

[Thu Aug 13 18:47:43 2020]
rule calc_overall_metrics:
    input: /caldera/projects/usgs/water/iidd/datasci/drb_ml_model/experiments/subset/joint_modeling_log_q/ex_H5/3/tst_preds.feather, /home/jsadler/drb-dl-model/data/in/obs_temp_full
    output: /caldera/projects/usgs/water/iidd/datasci/drb_ml_model/experiments/subset/joint_modeling_log_q/ex_H5/3/tst_temp_metrics.csv
    jobid: 27
    wildcards: outdir=/caldera/projects/usgs/water/iidd/datasci/drb_ml_model/experiments/subset/joint_modeling_log_q, experiment=H5, run_id=3, partition=tst, variable=temp

Submitted job 27 with external jobid 'Submitted batch job 15399'.

[Thu Aug 13 18:47:44 2020]
rule calc_overall_metrics:
    input: /caldera/projects/usgs/water/iidd/datasci/drb_ml_model/experiments/subset/joint_modeling_log_q/ex_H5/1/tst_preds.feather, /home/jsadler/drb-dl-model/data/in/obs_temp_full
    output: /caldera/projects/usgs/water/iidd/datasci/drb_ml_model/experiments/subset/joint_modeling_log_q/ex_H5/1/tst_temp_metrics.csv
    jobid: 19
    wildcards: outdir=/caldera/projects/usgs/water/iidd/datasci/drb_ml_model/experiments/subset/joint_modeling_log_q, experiment=H5, run_id=1, partition=tst, variable=temp

Submitted job 19 with external jobid 'Submitted batch job 15401'.
[Thu Aug 13 18:47:53 2020]
Finished job 20.
33 of 49 steps (67%) done

[Thu Aug 13 18:47:53 2020]
rule calc_overall_metrics:
    input: /caldera/projects/usgs/water/iidd/datasci/drb_ml_model/experiments/subset/joint_modeling_log_q/ex_H5/4/tst_preds.feather, /home/jsadler/drb-dl-model/data/in/obs_flow_full
    output: /caldera/projects/usgs/water/iidd/datasci/drb_ml_model/experiments/subset/joint_modeling_log_q/ex_H5/4/tst_flow_metrics.csv
    jobid: 32
    wildcards: outdir=/caldera/projects/usgs/water/iidd/datasci/drb_ml_model/experiments/subset/joint_modeling_log_q, experiment=H5, run_id=4, partition=tst, variable=flow

Submitted job 32 with external jobid 'Submitted batch job 15413'.
[Thu Aug 13 18:48:14 2020]
Finished job 15.
34 of 49 steps (69%) done

[Thu Aug 13 18:48:14 2020]
rule calc_overall_metrics:
    input: /caldera/projects/usgs/water/iidd/datasci/drb_ml_model/experiments/subset/joint_modeling_log_q/ex_H5/2/tst_preds.feather, /home/jsadler/drb-dl-model/data/in/obs_temp_full
    output: /caldera/projects/usgs/water/iidd/datasci/drb_ml_model/experiments/subset/joint_modeling_log_q/ex_H5/2/tst_temp_metrics.csv
    jobid: 23
    wildcards: outdir=/caldera/projects/usgs/water/iidd/datasci/drb_ml_model/experiments/subset/joint_modeling_log_q, experiment=H5, run_id=2, partition=tst, variable=temp

[Thu Aug 13 18:48:14 2020]
Finished job 16.
35 of 49 steps (71%) done
Submitted job 23 with external jobid 'Submitted batch job 15461'.

[Thu Aug 13 18:48:14 2020]
rule calc_overall_metrics:
    input: /caldera/projects/usgs/water/iidd/datasci/drb_ml_model/experiments/subset/joint_modeling_log_q/ex_H5/4/tst_preds.feather, /home/jsadler/drb-dl-model/data/in/obs_temp_full
    output: /caldera/projects/usgs/water/iidd/datasci/drb_ml_model/experiments/subset/joint_modeling_log_q/ex_H5/4/tst_temp_metrics.csv
    jobid: 31
    wildcards: outdir=/caldera/projects/usgs/water/iidd/datasci/drb_ml_model/experiments/subset/joint_modeling_log_q, experiment=H5, run_id=4, partition=tst, variable=temp

Submitted job 31 with external jobid 'Submitted batch job 15464'.
[Thu Aug 13 18:48:24 2020]
Finished job 27.
36 of 49 steps (73%) done
[Thu Aug 13 18:48:24 2020]
Finished job 19.
37 of 49 steps (76%) done

[Thu Aug 13 18:48:24 2020]
rule calc_overall_metrics:
    input: /caldera/projects/usgs/water/iidd/datasci/drb_ml_model/experiments/subset/joint_modeling_log_q/ex_H5/2/tst_preds.feather, /home/jsadler/drb-dl-model/data/in/obs_flow_full
    output: /caldera/projects/usgs/water/iidd/datasci/drb_ml_model/experiments/subset/joint_modeling_log_q/ex_H5/2/tst_flow_metrics.csv
    jobid: 24
    wildcards: outdir=/caldera/projects/usgs/water/iidd/datasci/drb_ml_model/experiments/subset/joint_modeling_log_q, experiment=H5, run_id=2, partition=tst, variable=flow

Submitted job 24 with external jobid 'Submitted batch job 15477'.
[Thu Aug 13 18:48:24 2020]
Finished job 32.
38 of 49 steps (78%) done

[Thu Aug 13 18:48:24 2020]
rule combined_metrics:
    input: /caldera/projects/usgs/water/iidd/datasci/drb_ml_model/experiments/subset/joint_modeling_log_q/ex_H5/0/trn_temp_metrics.csv, /caldera/projects/usgs/water/iidd/datasci/drb_ml_model/experiments/subset/joint_modeling_log_q/ex_H5/0/trn_flow_metrics.csv, /caldera/projects/usgs/water/iidd/datasci/drb_ml_model/experiments/subset/joint_modeling_log_q/ex_H5/0/tst_temp_metrics.csv, /caldera/projects/usgs/water/iidd/datasci/drb_ml_model/experiments/subset/joint_modeling_log_q/ex_H5/0/tst_flow_metrics.csv
    output: /caldera/projects/usgs/water/iidd/datasci/drb_ml_model/experiments/subset/joint_modeling_log_q/ex_H5/0/combined_metrics.csv
    jobid: 3
    wildcards: outdir=/caldera/projects/usgs/water/iidd/datasci/drb_ml_model/experiments/subset/joint_modeling_log_q, experiment=H5, run_id=0

Submitted job 3 with external jobid 'Submitted batch job 15480'.

[Thu Aug 13 18:48:24 2020]
rule combined_run_reach_metrics:
    input: /caldera/projects/usgs/water/iidd/datasci/drb_ml_model/experiments/subset/joint_modeling_log_q/ex_H5/0/reach_metrics.csv, /caldera/projects/usgs/water/iidd/datasci/drb_ml_model/experiments/subset/joint_modeling_log_q/ex_H5/1/reach_metrics.csv, /caldera/projects/usgs/water/iidd/datasci/drb_ml_model/experiments/subset/joint_modeling_log_q/ex_H5/2/reach_metrics.csv, /caldera/projects/usgs/water/iidd/datasci/drb_ml_model/experiments/subset/joint_modeling_log_q/ex_H5/3/reach_metrics.csv, /caldera/projects/usgs/water/iidd/datasci/drb_ml_model/experiments/subset/joint_modeling_log_q/ex_H5/4/reach_metrics.csv
    output: /caldera/projects/usgs/water/iidd/datasci/drb_ml_model/experiments/subset/joint_modeling_log_q/ex_H5/overall_reach_metrics.nc
    jobid: 2
    wildcards: outdir=/caldera/projects/usgs/water/iidd/datasci/drb_ml_model/experiments/subset/joint_modeling_log_q, experiment=H5

Submitted job 2 with external jobid 'Submitted batch job 15483'.
[Thu Aug 13 18:48:44 2020]
Finished job 23.
39 of 49 steps (80%) done

[Thu Aug 13 18:48:44 2020]
rule combined_metrics:
    input: /caldera/projects/usgs/water/iidd/datasci/drb_ml_model/experiments/subset/joint_modeling_log_q/ex_H5/3/trn_temp_metrics.csv, /caldera/projects/usgs/water/iidd/datasci/drb_ml_model/experiments/subset/joint_modeling_log_q/ex_H5/3/trn_flow_metrics.csv, /caldera/projects/usgs/water/iidd/datasci/drb_ml_model/experiments/subset/joint_modeling_log_q/ex_H5/3/tst_temp_metrics.csv, /caldera/projects/usgs/water/iidd/datasci/drb_ml_model/experiments/subset/joint_modeling_log_q/ex_H5/3/tst_flow_metrics.csv
    output: /caldera/projects/usgs/water/iidd/datasci/drb_ml_model/experiments/subset/joint_modeling_log_q/ex_H5/3/combined_metrics.csv
    jobid: 6
    wildcards: outdir=/caldera/projects/usgs/water/iidd/datasci/drb_ml_model/experiments/subset/joint_modeling_log_q, experiment=H5, run_id=3

[Thu Aug 13 18:48:44 2020]
Finished job 31.
40 of 49 steps (82%) done
Submitted job 6 with external jobid 'Submitted batch job 15534'.

[Thu Aug 13 18:48:44 2020]
rule combined_metrics:
    input: /caldera/projects/usgs/water/iidd/datasci/drb_ml_model/experiments/subset/joint_modeling_log_q/ex_H5/4/trn_temp_metrics.csv, /caldera/projects/usgs/water/iidd/datasci/drb_ml_model/experiments/subset/joint_modeling_log_q/ex_H5/4/trn_flow_metrics.csv, /caldera/projects/usgs/water/iidd/datasci/drb_ml_model/experiments/subset/joint_modeling_log_q/ex_H5/4/tst_temp_metrics.csv, /caldera/projects/usgs/water/iidd/datasci/drb_ml_model/experiments/subset/joint_modeling_log_q/ex_H5/4/tst_flow_metrics.csv
    output: /caldera/projects/usgs/water/iidd/datasci/drb_ml_model/experiments/subset/joint_modeling_log_q/ex_H5/4/combined_metrics.csv
    jobid: 7
    wildcards: outdir=/caldera/projects/usgs/water/iidd/datasci/drb_ml_model/experiments/subset/joint_modeling_log_q, experiment=H5, run_id=4

Submitted job 7 with external jobid 'Submitted batch job 15537'.
[Thu Aug 13 18:48:54 2020]
Finished job 24.
41 of 49 steps (84%) done
[Thu Aug 13 18:48:54 2020]
Finished job 3.
42 of 49 steps (86%) done

[Thu Aug 13 18:48:54 2020]
rule combined_metrics:
    input: /caldera/projects/usgs/water/iidd/datasci/drb_ml_model/experiments/subset/joint_modeling_log_q/ex_H5/2/trn_temp_metrics.csv, /caldera/projects/usgs/water/iidd/datasci/drb_ml_model/experiments/subset/joint_modeling_log_q/ex_H5/2/trn_flow_metrics.csv, /caldera/projects/usgs/water/iidd/datasci/drb_ml_model/experiments/subset/joint_modeling_log_q/ex_H5/2/tst_temp_metrics.csv, /caldera/projects/usgs/water/iidd/datasci/drb_ml_model/experiments/subset/joint_modeling_log_q/ex_H5/2/tst_flow_metrics.csv
    output: /caldera/projects/usgs/water/iidd/datasci/drb_ml_model/experiments/subset/joint_modeling_log_q/ex_H5/2/combined_metrics.csv
    jobid: 5
    wildcards: outdir=/caldera/projects/usgs/water/iidd/datasci/drb_ml_model/experiments/subset/joint_modeling_log_q, experiment=H5, run_id=2

[Thu Aug 13 18:48:54 2020]
Finished job 2.
43 of 49 steps (88%) done
Submitted job 5 with external jobid 'Submitted batch job 15551'.

[Thu Aug 13 18:48:54 2020]
rule combined_metrics:
    input: /caldera/projects/usgs/water/iidd/datasci/drb_ml_model/experiments/subset/joint_modeling_log_q/ex_H5/1/trn_temp_metrics.csv, /caldera/projects/usgs/water/iidd/datasci/drb_ml_model/experiments/subset/joint_modeling_log_q/ex_H5/1/trn_flow_metrics.csv, /caldera/projects/usgs/water/iidd/datasci/drb_ml_model/experiments/subset/joint_modeling_log_q/ex_H5/1/tst_temp_metrics.csv, /caldera/projects/usgs/water/iidd/datasci/drb_ml_model/experiments/subset/joint_modeling_log_q/ex_H5/1/tst_flow_metrics.csv
    output: /caldera/projects/usgs/water/iidd/datasci/drb_ml_model/experiments/subset/joint_modeling_log_q/ex_H5/1/combined_metrics.csv
    jobid: 4
    wildcards: outdir=/caldera/projects/usgs/water/iidd/datasci/drb_ml_model/experiments/subset/joint_modeling_log_q, experiment=H5, run_id=1

Submitted job 4 with external jobid 'Submitted batch job 15553'.
[Thu Aug 13 18:49:14 2020]
Finished job 6.
44 of 49 steps (90%) done
[Thu Aug 13 18:49:14 2020]
Finished job 7.
45 of 49 steps (92%) done
[Thu Aug 13 18:49:14 2020]
Finished job 5.
46 of 49 steps (94%) done
[Thu Aug 13 18:49:14 2020]
Finished job 4.
47 of 49 steps (96%) done

[Thu Aug 13 18:49:14 2020]
rule combined_run_metrics:
    input: /caldera/projects/usgs/water/iidd/datasci/drb_ml_model/experiments/subset/joint_modeling_log_q/ex_H5/0/combined_metrics.csv, /caldera/projects/usgs/water/iidd/datasci/drb_ml_model/experiments/subset/joint_modeling_log_q/ex_H5/1/combined_metrics.csv, /caldera/projects/usgs/water/iidd/datasci/drb_ml_model/experiments/subset/joint_modeling_log_q/ex_H5/2/combined_metrics.csv, /caldera/projects/usgs/water/iidd/datasci/drb_ml_model/experiments/subset/joint_modeling_log_q/ex_H5/3/combined_metrics.csv, /caldera/projects/usgs/water/iidd/datasci/drb_ml_model/experiments/subset/joint_modeling_log_q/ex_H5/4/combined_metrics.csv
    output: /caldera/projects/usgs/water/iidd/datasci/drb_ml_model/experiments/subset/joint_modeling_log_q/ex_H5/overall_metrics.nc
    jobid: 1
    wildcards: outdir=/caldera/projects/usgs/water/iidd/datasci/drb_ml_model/experiments/subset/joint_modeling_log_q, experiment=H5

Submitted job 1 with external jobid 'Submitted batch job 15605'.
[Thu Aug 13 18:49:34 2020]
Finished job 1.
48 of 49 steps (98%) done

[Thu Aug 13 18:49:34 2020]
localrule all:
    input: /caldera/projects/usgs/water/iidd/datasci/drb_ml_model/experiments/subset/joint_modeling_log_q/ex_H5/overall_metrics.nc, /caldera/projects/usgs/water/iidd/datasci/drb_ml_model/experiments/subset/joint_modeling_log_q/ex_H5/overall_reach_metrics.nc
    jobid: 0

[Thu Aug 13 18:49:34 2020]
Finished job 0.
49 of 49 steps (100%) done
Complete log: /home/jsadler/dl_experiments/subset/.snakemake/log/2020-08-13T162141.420573.snakemake.log
