Building DAG of jobs...
Using shell: /usr/bin/bash
Provided cluster nodes: 5
Job counts:
	count	jobs
	1	all
	20	calc_overall_metrics
	5	calc_reach_specific_metrics
	5	combined_metrics
	1	combined_run_metrics
	1	combined_run_reach_metrics
	10	make_predictions
	1	prep_io_data
	5	train
	49

[Thu Aug 13 11:28:33 2020]
rule prep_io_data:
    input: /home/jsadler/drb-dl-model/data/in/obs_temp_full, /home/jsadler/drb-dl-model/data/in/obs_flow_full, /home/jsadler/drb-dl-model/data/in/uncal_sntemp_input_output_subset, /home/jsadler/drb-dl-model/data/in/distance_matrix_subset.npz, /home/jsadler/drb-dl-model/data/in/seg_attr_drb.feather
    output: /caldera/projects/usgs/water/iidd/datasci/drb_ml_model/experiments/subset/joint_modeling_log_q/ex_G2/prepped.npz
    jobid: 44
    wildcards: outdir=/caldera/projects/usgs/water/iidd/datasci/drb_ml_model/experiments/subset/joint_modeling_log_q/ex_G2

Submitted job 44 with external jobid 'Submitted batch job 14472'.
[Thu Aug 13 11:29:23 2020]
Finished job 44.
1 of 49 steps (2%) done

[Thu Aug 13 11:29:23 2020]
rule train:
    input: /caldera/projects/usgs/water/iidd/datasci/drb_ml_model/experiments/subset/joint_modeling_log_q/ex_G2/prepped.npz
    output: /caldera/projects/usgs/water/iidd/datasci/drb_ml_model/experiments/subset/joint_modeling_log_q/ex_G2/3/trained_weights/, /caldera/projects/usgs/water/iidd/datasci/drb_ml_model/experiments/subset/joint_modeling_log_q/ex_G2/3/pretrained_weights/
    jobid: 47
    wildcards: outdir=/caldera/projects/usgs/water/iidd/datasci/drb_ml_model/experiments/subset/joint_modeling_log_q, experiment=G2, run_id=3


         "python /home/jsadler/drb-dl-model/river_dl/train_model.py -o /caldera/projects/usgs/water/iidd/datasci/drb_ml_model/experiments/subset/joint_modeling_log_q/ex_G2/3 -i /caldera/projects/usgs/water/iidd/datasci/drb_ml_model/experiments/subset/joint_modeling_log_q/ex_G2/prepped.npz -m /caldera/projects/usgs/water/iidd/datasci/drb_ml_model/experiments/subset/joint_modeling_log_q/ex_G2/3/trained_weights/ -p 200 -f 100 -q" 
         
Submitted job 47 with external jobid 'Submitted batch job 14514'.

[Thu Aug 13 11:29:23 2020]
rule train:
    input: /caldera/projects/usgs/water/iidd/datasci/drb_ml_model/experiments/subset/joint_modeling_log_q/ex_G2/prepped.npz
    output: /caldera/projects/usgs/water/iidd/datasci/drb_ml_model/experiments/subset/joint_modeling_log_q/ex_G2/1/trained_weights/, /caldera/projects/usgs/water/iidd/datasci/drb_ml_model/experiments/subset/joint_modeling_log_q/ex_G2/1/pretrained_weights/
    jobid: 45
    wildcards: outdir=/caldera/projects/usgs/water/iidd/datasci/drb_ml_model/experiments/subset/joint_modeling_log_q, experiment=G2, run_id=1


         "python /home/jsadler/drb-dl-model/river_dl/train_model.py -o /caldera/projects/usgs/water/iidd/datasci/drb_ml_model/experiments/subset/joint_modeling_log_q/ex_G2/1 -i /caldera/projects/usgs/water/iidd/datasci/drb_ml_model/experiments/subset/joint_modeling_log_q/ex_G2/prepped.npz -m /caldera/projects/usgs/water/iidd/datasci/drb_ml_model/experiments/subset/joint_modeling_log_q/ex_G2/1/trained_weights/ -p 200 -f 100 -q" 
         
Submitted job 45 with external jobid 'Submitted batch job 14516'.

[Thu Aug 13 11:29:23 2020]
rule train:
    input: /caldera/projects/usgs/water/iidd/datasci/drb_ml_model/experiments/subset/joint_modeling_log_q/ex_G2/prepped.npz
    output: /caldera/projects/usgs/water/iidd/datasci/drb_ml_model/experiments/subset/joint_modeling_log_q/ex_G2/2/trained_weights/, /caldera/projects/usgs/water/iidd/datasci/drb_ml_model/experiments/subset/joint_modeling_log_q/ex_G2/2/pretrained_weights/
    jobid: 46
    wildcards: outdir=/caldera/projects/usgs/water/iidd/datasci/drb_ml_model/experiments/subset/joint_modeling_log_q, experiment=G2, run_id=2


         "python /home/jsadler/drb-dl-model/river_dl/train_model.py -o /caldera/projects/usgs/water/iidd/datasci/drb_ml_model/experiments/subset/joint_modeling_log_q/ex_G2/2 -i /caldera/projects/usgs/water/iidd/datasci/drb_ml_model/experiments/subset/joint_modeling_log_q/ex_G2/prepped.npz -m /caldera/projects/usgs/water/iidd/datasci/drb_ml_model/experiments/subset/joint_modeling_log_q/ex_G2/2/trained_weights/ -p 200 -f 100 -q" 
         
Submitted job 46 with external jobid 'Submitted batch job 14518'.

[Thu Aug 13 11:29:23 2020]
rule train:
    input: /caldera/projects/usgs/water/iidd/datasci/drb_ml_model/experiments/subset/joint_modeling_log_q/ex_G2/prepped.npz
    output: /caldera/projects/usgs/water/iidd/datasci/drb_ml_model/experiments/subset/joint_modeling_log_q/ex_G2/0/trained_weights/, /caldera/projects/usgs/water/iidd/datasci/drb_ml_model/experiments/subset/joint_modeling_log_q/ex_G2/0/pretrained_weights/
    jobid: 43
    wildcards: outdir=/caldera/projects/usgs/water/iidd/datasci/drb_ml_model/experiments/subset/joint_modeling_log_q, experiment=G2, run_id=0


         "python /home/jsadler/drb-dl-model/river_dl/train_model.py -o /caldera/projects/usgs/water/iidd/datasci/drb_ml_model/experiments/subset/joint_modeling_log_q/ex_G2/0 -i /caldera/projects/usgs/water/iidd/datasci/drb_ml_model/experiments/subset/joint_modeling_log_q/ex_G2/prepped.npz -m /caldera/projects/usgs/water/iidd/datasci/drb_ml_model/experiments/subset/joint_modeling_log_q/ex_G2/0/trained_weights/ -p 200 -f 100 -q" 
         
Submitted job 43 with external jobid 'Submitted batch job 14520'.

[Thu Aug 13 11:29:23 2020]
rule train:
    input: /caldera/projects/usgs/water/iidd/datasci/drb_ml_model/experiments/subset/joint_modeling_log_q/ex_G2/prepped.npz
    output: /caldera/projects/usgs/water/iidd/datasci/drb_ml_model/experiments/subset/joint_modeling_log_q/ex_G2/4/trained_weights/, /caldera/projects/usgs/water/iidd/datasci/drb_ml_model/experiments/subset/joint_modeling_log_q/ex_G2/4/pretrained_weights/
    jobid: 48
    wildcards: outdir=/caldera/projects/usgs/water/iidd/datasci/drb_ml_model/experiments/subset/joint_modeling_log_q, experiment=G2, run_id=4


         "python /home/jsadler/drb-dl-model/river_dl/train_model.py -o /caldera/projects/usgs/water/iidd/datasci/drb_ml_model/experiments/subset/joint_modeling_log_q/ex_G2/4 -i /caldera/projects/usgs/water/iidd/datasci/drb_ml_model/experiments/subset/joint_modeling_log_q/ex_G2/prepped.npz -m /caldera/projects/usgs/water/iidd/datasci/drb_ml_model/experiments/subset/joint_modeling_log_q/ex_G2/4/trained_weights/ -p 200 -f 100 -q" 
         
Submitted job 48 with external jobid 'Submitted batch job 14522'.
[Thu Aug 13 13:06:10 2020]
Finished job 47.
2 of 49 steps (4%) done

[Thu Aug 13 13:06:10 2020]
rule make_predictions:
    input: /caldera/projects/usgs/water/iidd/datasci/drb_ml_model/experiments/subset/joint_modeling_log_q/ex_G2/3/trained_weights/, /caldera/projects/usgs/water/iidd/datasci/drb_ml_model/experiments/subset/joint_modeling_log_q/ex_G2/prepped.npz
    output: /caldera/projects/usgs/water/iidd/datasci/drb_ml_model/experiments/subset/joint_modeling_log_q/ex_G2/3/trn_preds.feather
    jobid: 39
    wildcards: outdir=/caldera/projects/usgs/water/iidd/datasci/drb_ml_model/experiments/subset/joint_modeling_log_q, experiment=G2, run_id=3, partition=trn

Submitted job 39 with external jobid 'Submitted batch job 14863'.
[Thu Aug 13 13:07:00 2020]
Finished job 45.
3 of 49 steps (6%) done

[Thu Aug 13 13:07:00 2020]
rule make_predictions:
    input: /caldera/projects/usgs/water/iidd/datasci/drb_ml_model/experiments/subset/joint_modeling_log_q/ex_G2/1/trained_weights/, /caldera/projects/usgs/water/iidd/datasci/drb_ml_model/experiments/subset/joint_modeling_log_q/ex_G2/prepped.npz
    output: /caldera/projects/usgs/water/iidd/datasci/drb_ml_model/experiments/subset/joint_modeling_log_q/ex_G2/1/trn_preds.feather
    jobid: 35
    wildcards: outdir=/caldera/projects/usgs/water/iidd/datasci/drb_ml_model/experiments/subset/joint_modeling_log_q, experiment=G2, run_id=1, partition=trn

Submitted job 35 with external jobid 'Submitted batch job 14868'.
[Thu Aug 13 13:07:20 2020]
Finished job 46.
4 of 49 steps (8%) done

[Thu Aug 13 13:07:20 2020]
rule make_predictions:
    input: /caldera/projects/usgs/water/iidd/datasci/drb_ml_model/experiments/subset/joint_modeling_log_q/ex_G2/2/trained_weights/, /caldera/projects/usgs/water/iidd/datasci/drb_ml_model/experiments/subset/joint_modeling_log_q/ex_G2/prepped.npz
    output: /caldera/projects/usgs/water/iidd/datasci/drb_ml_model/experiments/subset/joint_modeling_log_q/ex_G2/2/trn_preds.feather
    jobid: 37
    wildcards: outdir=/caldera/projects/usgs/water/iidd/datasci/drb_ml_model/experiments/subset/joint_modeling_log_q, experiment=G2, run_id=2, partition=trn

[Thu Aug 13 13:07:20 2020]
Finished job 39.
5 of 49 steps (10%) done
Submitted job 37 with external jobid 'Submitted batch job 14870'.

[Thu Aug 13 13:07:20 2020]
rule make_predictions:
    input: /caldera/projects/usgs/water/iidd/datasci/drb_ml_model/experiments/subset/joint_modeling_log_q/ex_G2/2/trained_weights/, /caldera/projects/usgs/water/iidd/datasci/drb_ml_model/experiments/subset/joint_modeling_log_q/ex_G2/prepped.npz
    output: /caldera/projects/usgs/water/iidd/datasci/drb_ml_model/experiments/subset/joint_modeling_log_q/ex_G2/2/tst_preds.feather
    jobid: 38
    wildcards: outdir=/caldera/projects/usgs/water/iidd/datasci/drb_ml_model/experiments/subset/joint_modeling_log_q, experiment=G2, run_id=2, partition=tst

Submitted job 38 with external jobid 'Submitted batch job 14871'.
[Thu Aug 13 13:08:10 2020]
Finished job 35.
6 of 49 steps (12%) done

[Thu Aug 13 13:08:10 2020]
rule make_predictions:
    input: /caldera/projects/usgs/water/iidd/datasci/drb_ml_model/experiments/subset/joint_modeling_log_q/ex_G2/3/trained_weights/, /caldera/projects/usgs/water/iidd/datasci/drb_ml_model/experiments/subset/joint_modeling_log_q/ex_G2/prepped.npz
    output: /caldera/projects/usgs/water/iidd/datasci/drb_ml_model/experiments/subset/joint_modeling_log_q/ex_G2/3/tst_preds.feather
    jobid: 40
    wildcards: outdir=/caldera/projects/usgs/water/iidd/datasci/drb_ml_model/experiments/subset/joint_modeling_log_q, experiment=G2, run_id=3, partition=tst

Submitted job 40 with external jobid 'Submitted batch job 14876'.
[Thu Aug 13 13:08:20 2020]
Finished job 38.
7 of 49 steps (14%) done

[Thu Aug 13 13:08:20 2020]
rule make_predictions:
    input: /caldera/projects/usgs/water/iidd/datasci/drb_ml_model/experiments/subset/joint_modeling_log_q/ex_G2/1/trained_weights/, /caldera/projects/usgs/water/iidd/datasci/drb_ml_model/experiments/subset/joint_modeling_log_q/ex_G2/prepped.npz
    output: /caldera/projects/usgs/water/iidd/datasci/drb_ml_model/experiments/subset/joint_modeling_log_q/ex_G2/1/tst_preds.feather
    jobid: 36
    wildcards: outdir=/caldera/projects/usgs/water/iidd/datasci/drb_ml_model/experiments/subset/joint_modeling_log_q, experiment=G2, run_id=1, partition=tst

Submitted job 36 with external jobid 'Submitted batch job 14877'.
[Thu Aug 13 13:08:30 2020]
Finished job 37.
8 of 49 steps (16%) done

[Thu Aug 13 13:08:30 2020]
rule calc_reach_specific_metrics:
    input: /caldera/projects/usgs/water/iidd/datasci/drb_ml_model/experiments/subset/joint_modeling_log_q/ex_G2/2/trn_preds.feather, /caldera/projects/usgs/water/iidd/datasci/drb_ml_model/experiments/subset/joint_modeling_log_q/ex_G2/2/tst_preds.feather, /home/jsadler/drb-dl-model/data/in/obs_temp_full, /home/jsadler/drb-dl-model/data/in/obs_flow_full
    output: /caldera/projects/usgs/water/iidd/datasci/drb_ml_model/experiments/subset/joint_modeling_log_q/ex_G2/2/reach_metrics.csv
    jobid: 10
    wildcards: outdir=/caldera/projects/usgs/water/iidd/datasci/drb_ml_model/experiments/subset/joint_modeling_log_q, experiment=G2, run_id=2

Submitted job 10 with external jobid 'Submitted batch job 14878'.
[Thu Aug 13 13:08:50 2020]
Finished job 10.
9 of 49 steps (18%) done

[Thu Aug 13 13:08:50 2020]
rule calc_overall_metrics:
    input: /caldera/projects/usgs/water/iidd/datasci/drb_ml_model/experiments/subset/joint_modeling_log_q/ex_G2/3/trn_preds.feather, /home/jsadler/drb-dl-model/data/in/obs_temp_full
    output: /caldera/projects/usgs/water/iidd/datasci/drb_ml_model/experiments/subset/joint_modeling_log_q/ex_G2/3/trn_temp_metrics.csv
    jobid: 25
    wildcards: outdir=/caldera/projects/usgs/water/iidd/datasci/drb_ml_model/experiments/subset/joint_modeling_log_q, experiment=G2, run_id=3, partition=trn, variable=temp

Submitted job 25 with external jobid 'Submitted batch job 14880'.
[Thu Aug 13 13:09:00 2020]
Finished job 25.
10 of 49 steps (20%) done

[Thu Aug 13 13:09:00 2020]
rule calc_overall_metrics:
    input: /caldera/projects/usgs/water/iidd/datasci/drb_ml_model/experiments/subset/joint_modeling_log_q/ex_G2/1/trn_preds.feather, /home/jsadler/drb-dl-model/data/in/obs_temp_full
    output: /caldera/projects/usgs/water/iidd/datasci/drb_ml_model/experiments/subset/joint_modeling_log_q/ex_G2/1/trn_temp_metrics.csv
    jobid: 17
    wildcards: outdir=/caldera/projects/usgs/water/iidd/datasci/drb_ml_model/experiments/subset/joint_modeling_log_q, experiment=G2, run_id=1, partition=trn, variable=temp

Submitted job 17 with external jobid 'Submitted batch job 14882'.
[Thu Aug 13 13:09:11 2020]
Finished job 48.
11 of 49 steps (22%) done

[Thu Aug 13 13:09:11 2020]
rule make_predictions:
    input: /caldera/projects/usgs/water/iidd/datasci/drb_ml_model/experiments/subset/joint_modeling_log_q/ex_G2/4/trained_weights/, /caldera/projects/usgs/water/iidd/datasci/drb_ml_model/experiments/subset/joint_modeling_log_q/ex_G2/prepped.npz
    output: /caldera/projects/usgs/water/iidd/datasci/drb_ml_model/experiments/subset/joint_modeling_log_q/ex_G2/4/trn_preds.feather
    jobid: 41
    wildcards: outdir=/caldera/projects/usgs/water/iidd/datasci/drb_ml_model/experiments/subset/joint_modeling_log_q, experiment=G2, run_id=4, partition=trn

[Thu Aug 13 13:09:11 2020]
Finished job 17.
12 of 49 steps (24%) done
Submitted job 41 with external jobid 'Submitted batch job 14886'.

[Thu Aug 13 13:09:11 2020]
rule make_predictions:
    input: /caldera/projects/usgs/water/iidd/datasci/drb_ml_model/experiments/subset/joint_modeling_log_q/ex_G2/4/trained_weights/, /caldera/projects/usgs/water/iidd/datasci/drb_ml_model/experiments/subset/joint_modeling_log_q/ex_G2/prepped.npz
    output: /caldera/projects/usgs/water/iidd/datasci/drb_ml_model/experiments/subset/joint_modeling_log_q/ex_G2/4/tst_preds.feather
    jobid: 42
    wildcards: outdir=/caldera/projects/usgs/water/iidd/datasci/drb_ml_model/experiments/subset/joint_modeling_log_q, experiment=G2, run_id=4, partition=tst

Submitted job 42 with external jobid 'Submitted batch job 14887'.
[Thu Aug 13 13:09:21 2020]
Finished job 40.
13 of 49 steps (27%) done
[Thu Aug 13 13:09:21 2020]
Finished job 36.
14 of 49 steps (29%) done

[Thu Aug 13 13:09:21 2020]
rule calc_reach_specific_metrics:
    input: /caldera/projects/usgs/water/iidd/datasci/drb_ml_model/experiments/subset/joint_modeling_log_q/ex_G2/3/trn_preds.feather, /caldera/projects/usgs/water/iidd/datasci/drb_ml_model/experiments/subset/joint_modeling_log_q/ex_G2/3/tst_preds.feather, /home/jsadler/drb-dl-model/data/in/obs_temp_full, /home/jsadler/drb-dl-model/data/in/obs_flow_full
    output: /caldera/projects/usgs/water/iidd/datasci/drb_ml_model/experiments/subset/joint_modeling_log_q/ex_G2/3/reach_metrics.csv
    jobid: 11
    wildcards: outdir=/caldera/projects/usgs/water/iidd/datasci/drb_ml_model/experiments/subset/joint_modeling_log_q, experiment=G2, run_id=3

Submitted job 11 with external jobid 'Submitted batch job 14890'.

[Thu Aug 13 13:09:21 2020]
rule calc_reach_specific_metrics:
    input: /caldera/projects/usgs/water/iidd/datasci/drb_ml_model/experiments/subset/joint_modeling_log_q/ex_G2/1/trn_preds.feather, /caldera/projects/usgs/water/iidd/datasci/drb_ml_model/experiments/subset/joint_modeling_log_q/ex_G2/1/tst_preds.feather, /home/jsadler/drb-dl-model/data/in/obs_temp_full, /home/jsadler/drb-dl-model/data/in/obs_flow_full
    output: /caldera/projects/usgs/water/iidd/datasci/drb_ml_model/experiments/subset/joint_modeling_log_q/ex_G2/1/reach_metrics.csv
    jobid: 9
    wildcards: outdir=/caldera/projects/usgs/water/iidd/datasci/drb_ml_model/experiments/subset/joint_modeling_log_q, experiment=G2, run_id=1

Submitted job 9 with external jobid 'Submitted batch job 14892'.
[Thu Aug 13 13:09:41 2020]
Finished job 43.
15 of 49 steps (31%) done

[Thu Aug 13 13:09:41 2020]
rule make_predictions:
    input: /caldera/projects/usgs/water/iidd/datasci/drb_ml_model/experiments/subset/joint_modeling_log_q/ex_G2/0/trained_weights/, /caldera/projects/usgs/water/iidd/datasci/drb_ml_model/experiments/subset/joint_modeling_log_q/ex_G2/prepped.npz
    output: /caldera/projects/usgs/water/iidd/datasci/drb_ml_model/experiments/subset/joint_modeling_log_q/ex_G2/0/trn_preds.feather
    jobid: 33
    wildcards: outdir=/caldera/projects/usgs/water/iidd/datasci/drb_ml_model/experiments/subset/joint_modeling_log_q, experiment=G2, run_id=0, partition=trn

[Thu Aug 13 13:09:41 2020]
Finished job 11.
16 of 49 steps (33%) done
[Thu Aug 13 13:09:41 2020]
Finished job 9.
17 of 49 steps (35%) done
Submitted job 33 with external jobid 'Submitted batch job 14898'.

[Thu Aug 13 13:09:41 2020]
rule calc_overall_metrics:
    input: /caldera/projects/usgs/water/iidd/datasci/drb_ml_model/experiments/subset/joint_modeling_log_q/ex_G2/2/trn_preds.feather, /home/jsadler/drb-dl-model/data/in/obs_temp_full
    output: /caldera/projects/usgs/water/iidd/datasci/drb_ml_model/experiments/subset/joint_modeling_log_q/ex_G2/2/trn_temp_metrics.csv
    jobid: 21
    wildcards: outdir=/caldera/projects/usgs/water/iidd/datasci/drb_ml_model/experiments/subset/joint_modeling_log_q, experiment=G2, run_id=2, partition=trn, variable=temp

Submitted job 21 with external jobid 'Submitted batch job 14899'.

[Thu Aug 13 13:09:41 2020]
rule make_predictions:
    input: /caldera/projects/usgs/water/iidd/datasci/drb_ml_model/experiments/subset/joint_modeling_log_q/ex_G2/0/trained_weights/, /caldera/projects/usgs/water/iidd/datasci/drb_ml_model/experiments/subset/joint_modeling_log_q/ex_G2/prepped.npz
    output: /caldera/projects/usgs/water/iidd/datasci/drb_ml_model/experiments/subset/joint_modeling_log_q/ex_G2/0/tst_preds.feather
    jobid: 34
    wildcards: outdir=/caldera/projects/usgs/water/iidd/datasci/drb_ml_model/experiments/subset/joint_modeling_log_q, experiment=G2, run_id=0, partition=tst

Submitted job 34 with external jobid 'Submitted batch job 14900'.
[Thu Aug 13 13:09:51 2020]
Finished job 21.
18 of 49 steps (37%) done

[Thu Aug 13 13:09:51 2020]
rule calc_overall_metrics:
    input: /caldera/projects/usgs/water/iidd/datasci/drb_ml_model/experiments/subset/joint_modeling_log_q/ex_G2/3/trn_preds.feather, /home/jsadler/drb-dl-model/data/in/obs_flow_full
    output: /caldera/projects/usgs/water/iidd/datasci/drb_ml_model/experiments/subset/joint_modeling_log_q/ex_G2/3/trn_flow_metrics.csv
    jobid: 26
    wildcards: outdir=/caldera/projects/usgs/water/iidd/datasci/drb_ml_model/experiments/subset/joint_modeling_log_q, experiment=G2, run_id=3, partition=trn, variable=flow

Submitted job 26 with external jobid 'Submitted batch job 14905'.
[Thu Aug 13 13:10:01 2020]
Finished job 26.
19 of 49 steps (39%) done

[Thu Aug 13 13:10:01 2020]
rule calc_overall_metrics:
    input: /caldera/projects/usgs/water/iidd/datasci/drb_ml_model/experiments/subset/joint_modeling_log_q/ex_G2/1/trn_preds.feather, /home/jsadler/drb-dl-model/data/in/obs_flow_full
    output: /caldera/projects/usgs/water/iidd/datasci/drb_ml_model/experiments/subset/joint_modeling_log_q/ex_G2/1/trn_flow_metrics.csv
    jobid: 18
    wildcards: outdir=/caldera/projects/usgs/water/iidd/datasci/drb_ml_model/experiments/subset/joint_modeling_log_q, experiment=G2, run_id=1, partition=trn, variable=flow

Submitted job 18 with external jobid 'Submitted batch job 14911'.
[Thu Aug 13 13:10:11 2020]
Finished job 18.
20 of 49 steps (41%) done

[Thu Aug 13 13:10:11 2020]
rule calc_overall_metrics:
    input: /caldera/projects/usgs/water/iidd/datasci/drb_ml_model/experiments/subset/joint_modeling_log_q/ex_G2/2/trn_preds.feather, /home/jsadler/drb-dl-model/data/in/obs_flow_full
    output: /caldera/projects/usgs/water/iidd/datasci/drb_ml_model/experiments/subset/joint_modeling_log_q/ex_G2/2/trn_flow_metrics.csv
    jobid: 22
    wildcards: outdir=/caldera/projects/usgs/water/iidd/datasci/drb_ml_model/experiments/subset/joint_modeling_log_q, experiment=G2, run_id=2, partition=trn, variable=flow

Submitted job 22 with external jobid 'Submitted batch job 14917'.
[Thu Aug 13 13:10:21 2020]
Finished job 41.
21 of 49 steps (43%) done
[Thu Aug 13 13:10:21 2020]
Finished job 42.
22 of 49 steps (45%) done

[Thu Aug 13 13:10:21 2020]
rule calc_overall_metrics:
    input: /caldera/projects/usgs/water/iidd/datasci/drb_ml_model/experiments/subset/joint_modeling_log_q/ex_G2/4/trn_preds.feather, /home/jsadler/drb-dl-model/data/in/obs_temp_full
    output: /caldera/projects/usgs/water/iidd/datasci/drb_ml_model/experiments/subset/joint_modeling_log_q/ex_G2/4/trn_temp_metrics.csv
    jobid: 29
    wildcards: outdir=/caldera/projects/usgs/water/iidd/datasci/drb_ml_model/experiments/subset/joint_modeling_log_q, experiment=G2, run_id=4, partition=trn, variable=temp

Submitted job 29 with external jobid 'Submitted batch job 14923'.
[Thu Aug 13 13:10:21 2020]
Finished job 22.
23 of 49 steps (47%) done

[Thu Aug 13 13:10:21 2020]
rule calc_reach_specific_metrics:
    input: /caldera/projects/usgs/water/iidd/datasci/drb_ml_model/experiments/subset/joint_modeling_log_q/ex_G2/4/trn_preds.feather, /caldera/projects/usgs/water/iidd/datasci/drb_ml_model/experiments/subset/joint_modeling_log_q/ex_G2/4/tst_preds.feather, /home/jsadler/drb-dl-model/data/in/obs_temp_full, /home/jsadler/drb-dl-model/data/in/obs_flow_full
    output: /caldera/projects/usgs/water/iidd/datasci/drb_ml_model/experiments/subset/joint_modeling_log_q/ex_G2/4/reach_metrics.csv
    jobid: 12
    wildcards: outdir=/caldera/projects/usgs/water/iidd/datasci/drb_ml_model/experiments/subset/joint_modeling_log_q, experiment=G2, run_id=4

Submitted job 12 with external jobid 'Submitted batch job 14924'.

[Thu Aug 13 13:10:21 2020]
rule calc_overall_metrics:
    input: /caldera/projects/usgs/water/iidd/datasci/drb_ml_model/experiments/subset/joint_modeling_log_q/ex_G2/4/trn_preds.feather, /home/jsadler/drb-dl-model/data/in/obs_flow_full
    output: /caldera/projects/usgs/water/iidd/datasci/drb_ml_model/experiments/subset/joint_modeling_log_q/ex_G2/4/trn_flow_metrics.csv
    jobid: 30
    wildcards: outdir=/caldera/projects/usgs/water/iidd/datasci/drb_ml_model/experiments/subset/joint_modeling_log_q, experiment=G2, run_id=4, partition=trn, variable=flow

Submitted job 30 with external jobid 'Submitted batch job 14925'.
[Thu Aug 13 13:10:31 2020]
Finished job 29.
24 of 49 steps (49%) done

[Thu Aug 13 13:10:31 2020]
rule calc_overall_metrics:
    input: /caldera/projects/usgs/water/iidd/datasci/drb_ml_model/experiments/subset/joint_modeling_log_q/ex_G2/3/tst_preds.feather, /home/jsadler/drb-dl-model/data/in/obs_flow_full
    output: /caldera/projects/usgs/water/iidd/datasci/drb_ml_model/experiments/subset/joint_modeling_log_q/ex_G2/3/tst_flow_metrics.csv
    jobid: 28
    wildcards: outdir=/caldera/projects/usgs/water/iidd/datasci/drb_ml_model/experiments/subset/joint_modeling_log_q, experiment=G2, run_id=3, partition=tst, variable=flow

[Thu Aug 13 13:10:31 2020]
Finished job 30.
25 of 49 steps (51%) done
Submitted job 28 with external jobid 'Submitted batch job 14927'.

[Thu Aug 13 13:10:31 2020]
rule calc_overall_metrics:
    input: /caldera/projects/usgs/water/iidd/datasci/drb_ml_model/experiments/subset/joint_modeling_log_q/ex_G2/1/tst_preds.feather, /home/jsadler/drb-dl-model/data/in/obs_flow_full
    output: /caldera/projects/usgs/water/iidd/datasci/drb_ml_model/experiments/subset/joint_modeling_log_q/ex_G2/1/tst_flow_metrics.csv
    jobid: 20
    wildcards: outdir=/caldera/projects/usgs/water/iidd/datasci/drb_ml_model/experiments/subset/joint_modeling_log_q, experiment=G2, run_id=1, partition=tst, variable=flow

Submitted job 20 with external jobid 'Submitted batch job 14928'.
[Thu Aug 13 13:10:41 2020]
Finished job 12.
26 of 49 steps (53%) done

[Thu Aug 13 13:10:41 2020]
rule calc_overall_metrics:
    input: /caldera/projects/usgs/water/iidd/datasci/drb_ml_model/experiments/subset/joint_modeling_log_q/ex_G2/3/tst_preds.feather, /home/jsadler/drb-dl-model/data/in/obs_temp_full
    output: /caldera/projects/usgs/water/iidd/datasci/drb_ml_model/experiments/subset/joint_modeling_log_q/ex_G2/3/tst_temp_metrics.csv
    jobid: 27
    wildcards: outdir=/caldera/projects/usgs/water/iidd/datasci/drb_ml_model/experiments/subset/joint_modeling_log_q, experiment=G2, run_id=3, partition=tst, variable=temp

[Thu Aug 13 13:10:41 2020]
Finished job 28.
27 of 49 steps (55%) done
[Thu Aug 13 13:10:41 2020]
Finished job 20.
28 of 49 steps (57%) done
Submitted job 27 with external jobid 'Submitted batch job 14929'.

[Thu Aug 13 13:10:41 2020]
rule calc_overall_metrics:
    input: /caldera/projects/usgs/water/iidd/datasci/drb_ml_model/experiments/subset/joint_modeling_log_q/ex_G2/1/tst_preds.feather, /home/jsadler/drb-dl-model/data/in/obs_temp_full
    output: /caldera/projects/usgs/water/iidd/datasci/drb_ml_model/experiments/subset/joint_modeling_log_q/ex_G2/1/tst_temp_metrics.csv
    jobid: 19
    wildcards: outdir=/caldera/projects/usgs/water/iidd/datasci/drb_ml_model/experiments/subset/joint_modeling_log_q, experiment=G2, run_id=1, partition=tst, variable=temp

Submitted job 19 with external jobid 'Submitted batch job 14930'.

[Thu Aug 13 13:10:41 2020]
rule calc_overall_metrics:
    input: /caldera/projects/usgs/water/iidd/datasci/drb_ml_model/experiments/subset/joint_modeling_log_q/ex_G2/4/tst_preds.feather, /home/jsadler/drb-dl-model/data/in/obs_flow_full
    output: /caldera/projects/usgs/water/iidd/datasci/drb_ml_model/experiments/subset/joint_modeling_log_q/ex_G2/4/tst_flow_metrics.csv
    jobid: 32
    wildcards: outdir=/caldera/projects/usgs/water/iidd/datasci/drb_ml_model/experiments/subset/joint_modeling_log_q, experiment=G2, run_id=4, partition=tst, variable=flow

Submitted job 32 with external jobid 'Submitted batch job 14931'.
[Thu Aug 13 13:10:51 2020]
Finished job 33.
29 of 49 steps (59%) done
[Thu Aug 13 13:10:51 2020]
Finished job 34.
30 of 49 steps (61%) done

[Thu Aug 13 13:10:51 2020]
rule calc_overall_metrics:
    input: /caldera/projects/usgs/water/iidd/datasci/drb_ml_model/experiments/subset/joint_modeling_log_q/ex_G2/0/trn_preds.feather, /home/jsadler/drb-dl-model/data/in/obs_temp_full
    output: /caldera/projects/usgs/water/iidd/datasci/drb_ml_model/experiments/subset/joint_modeling_log_q/ex_G2/0/trn_temp_metrics.csv
    jobid: 13
    wildcards: outdir=/caldera/projects/usgs/water/iidd/datasci/drb_ml_model/experiments/subset/joint_modeling_log_q, experiment=G2, run_id=0, partition=trn, variable=temp

[Thu Aug 13 13:10:52 2020]
Finished job 27.
31 of 49 steps (63%) done
[Thu Aug 13 13:10:52 2020]
Finished job 19.
32 of 49 steps (65%) done
Submitted job 13 with external jobid 'Submitted batch job 14932'.
[Thu Aug 13 13:10:52 2020]
Finished job 32.
33 of 49 steps (67%) done

[Thu Aug 13 13:10:52 2020]
rule calc_reach_specific_metrics:
    input: /caldera/projects/usgs/water/iidd/datasci/drb_ml_model/experiments/subset/joint_modeling_log_q/ex_G2/0/trn_preds.feather, /caldera/projects/usgs/water/iidd/datasci/drb_ml_model/experiments/subset/joint_modeling_log_q/ex_G2/0/tst_preds.feather, /home/jsadler/drb-dl-model/data/in/obs_temp_full, /home/jsadler/drb-dl-model/data/in/obs_flow_full
    output: /caldera/projects/usgs/water/iidd/datasci/drb_ml_model/experiments/subset/joint_modeling_log_q/ex_G2/0/reach_metrics.csv
    jobid: 8
    wildcards: outdir=/caldera/projects/usgs/water/iidd/datasci/drb_ml_model/experiments/subset/joint_modeling_log_q, experiment=G2, run_id=0

Submitted job 8 with external jobid 'Submitted batch job 14933'.

[Thu Aug 13 13:10:52 2020]
rule calc_overall_metrics:
    input: /caldera/projects/usgs/water/iidd/datasci/drb_ml_model/experiments/subset/joint_modeling_log_q/ex_G2/0/tst_preds.feather, /home/jsadler/drb-dl-model/data/in/obs_temp_full
    output: /caldera/projects/usgs/water/iidd/datasci/drb_ml_model/experiments/subset/joint_modeling_log_q/ex_G2/0/tst_temp_metrics.csv
    jobid: 15
    wildcards: outdir=/caldera/projects/usgs/water/iidd/datasci/drb_ml_model/experiments/subset/joint_modeling_log_q, experiment=G2, run_id=0, partition=tst, variable=temp

Submitted job 15 with external jobid 'Submitted batch job 14934'.

[Thu Aug 13 13:10:52 2020]
rule calc_overall_metrics:
    input: /caldera/projects/usgs/water/iidd/datasci/drb_ml_model/experiments/subset/joint_modeling_log_q/ex_G2/0/tst_preds.feather, /home/jsadler/drb-dl-model/data/in/obs_flow_full
    output: /caldera/projects/usgs/water/iidd/datasci/drb_ml_model/experiments/subset/joint_modeling_log_q/ex_G2/0/tst_flow_metrics.csv
    jobid: 16
    wildcards: outdir=/caldera/projects/usgs/water/iidd/datasci/drb_ml_model/experiments/subset/joint_modeling_log_q, experiment=G2, run_id=0, partition=tst, variable=flow

Submitted job 16 with external jobid 'Submitted batch job 14935'.

[Thu Aug 13 13:10:52 2020]
rule calc_overall_metrics:
    input: /caldera/projects/usgs/water/iidd/datasci/drb_ml_model/experiments/subset/joint_modeling_log_q/ex_G2/0/trn_preds.feather, /home/jsadler/drb-dl-model/data/in/obs_flow_full
    output: /caldera/projects/usgs/water/iidd/datasci/drb_ml_model/experiments/subset/joint_modeling_log_q/ex_G2/0/trn_flow_metrics.csv
    jobid: 14
    wildcards: outdir=/caldera/projects/usgs/water/iidd/datasci/drb_ml_model/experiments/subset/joint_modeling_log_q, experiment=G2, run_id=0, partition=trn, variable=flow

Submitted job 14 with external jobid 'Submitted batch job 14936'.
[Thu Aug 13 13:11:02 2020]
Finished job 13.
34 of 49 steps (69%) done

[Thu Aug 13 13:11:02 2020]
rule calc_overall_metrics:
    input: /caldera/projects/usgs/water/iidd/datasci/drb_ml_model/experiments/subset/joint_modeling_log_q/ex_G2/2/tst_preds.feather, /home/jsadler/drb-dl-model/data/in/obs_temp_full
    output: /caldera/projects/usgs/water/iidd/datasci/drb_ml_model/experiments/subset/joint_modeling_log_q/ex_G2/2/tst_temp_metrics.csv
    jobid: 23
    wildcards: outdir=/caldera/projects/usgs/water/iidd/datasci/drb_ml_model/experiments/subset/joint_modeling_log_q, experiment=G2, run_id=2, partition=tst, variable=temp

[Thu Aug 13 13:11:02 2020]
Finished job 15.
35 of 49 steps (71%) done
[Thu Aug 13 13:11:02 2020]
Finished job 16.
36 of 49 steps (73%) done
Submitted job 23 with external jobid 'Submitted batch job 14937'.
[Thu Aug 13 13:11:02 2020]
Finished job 14.
37 of 49 steps (76%) done

[Thu Aug 13 13:11:02 2020]
rule combined_metrics:
    input: /caldera/projects/usgs/water/iidd/datasci/drb_ml_model/experiments/subset/joint_modeling_log_q/ex_G2/0/trn_temp_metrics.csv, /caldera/projects/usgs/water/iidd/datasci/drb_ml_model/experiments/subset/joint_modeling_log_q/ex_G2/0/trn_flow_metrics.csv, /caldera/projects/usgs/water/iidd/datasci/drb_ml_model/experiments/subset/joint_modeling_log_q/ex_G2/0/tst_temp_metrics.csv, /caldera/projects/usgs/water/iidd/datasci/drb_ml_model/experiments/subset/joint_modeling_log_q/ex_G2/0/tst_flow_metrics.csv
    output: /caldera/projects/usgs/water/iidd/datasci/drb_ml_model/experiments/subset/joint_modeling_log_q/ex_G2/0/combined_metrics.csv
    jobid: 3
    wildcards: outdir=/caldera/projects/usgs/water/iidd/datasci/drb_ml_model/experiments/subset/joint_modeling_log_q, experiment=G2, run_id=0

Submitted job 3 with external jobid 'Submitted batch job 14938'.

[Thu Aug 13 13:11:02 2020]
rule calc_overall_metrics:
    input: /caldera/projects/usgs/water/iidd/datasci/drb_ml_model/experiments/subset/joint_modeling_log_q/ex_G2/4/tst_preds.feather, /home/jsadler/drb-dl-model/data/in/obs_temp_full
    output: /caldera/projects/usgs/water/iidd/datasci/drb_ml_model/experiments/subset/joint_modeling_log_q/ex_G2/4/tst_temp_metrics.csv
    jobid: 31
    wildcards: outdir=/caldera/projects/usgs/water/iidd/datasci/drb_ml_model/experiments/subset/joint_modeling_log_q, experiment=G2, run_id=4, partition=tst, variable=temp

Submitted job 31 with external jobid 'Submitted batch job 14939'.

[Thu Aug 13 13:11:02 2020]
rule calc_overall_metrics:
    input: /caldera/projects/usgs/water/iidd/datasci/drb_ml_model/experiments/subset/joint_modeling_log_q/ex_G2/2/tst_preds.feather, /home/jsadler/drb-dl-model/data/in/obs_flow_full
    output: /caldera/projects/usgs/water/iidd/datasci/drb_ml_model/experiments/subset/joint_modeling_log_q/ex_G2/2/tst_flow_metrics.csv
    jobid: 24
    wildcards: outdir=/caldera/projects/usgs/water/iidd/datasci/drb_ml_model/experiments/subset/joint_modeling_log_q, experiment=G2, run_id=2, partition=tst, variable=flow

Submitted job 24 with external jobid 'Submitted batch job 14940'.
[Thu Aug 13 13:11:12 2020]
Finished job 23.
38 of 49 steps (78%) done

[Thu Aug 13 13:11:12 2020]
rule combined_metrics:
    input: /caldera/projects/usgs/water/iidd/datasci/drb_ml_model/experiments/subset/joint_modeling_log_q/ex_G2/3/trn_temp_metrics.csv, /caldera/projects/usgs/water/iidd/datasci/drb_ml_model/experiments/subset/joint_modeling_log_q/ex_G2/3/trn_flow_metrics.csv, /caldera/projects/usgs/water/iidd/datasci/drb_ml_model/experiments/subset/joint_modeling_log_q/ex_G2/3/tst_temp_metrics.csv, /caldera/projects/usgs/water/iidd/datasci/drb_ml_model/experiments/subset/joint_modeling_log_q/ex_G2/3/tst_flow_metrics.csv
    output: /caldera/projects/usgs/water/iidd/datasci/drb_ml_model/experiments/subset/joint_modeling_log_q/ex_G2/3/combined_metrics.csv
    jobid: 6
    wildcards: outdir=/caldera/projects/usgs/water/iidd/datasci/drb_ml_model/experiments/subset/joint_modeling_log_q, experiment=G2, run_id=3

[Thu Aug 13 13:11:12 2020]
Finished job 8.
39 of 49 steps (80%) done
[Thu Aug 13 13:11:12 2020]
Finished job 3.
40 of 49 steps (82%) done
Submitted job 6 with external jobid 'Submitted batch job 14941'.
[Thu Aug 13 13:11:12 2020]
Finished job 31.
41 of 49 steps (84%) done
[Thu Aug 13 13:11:12 2020]
Finished job 24.
42 of 49 steps (86%) done

[Thu Aug 13 13:11:12 2020]
rule combined_metrics:
    input: /caldera/projects/usgs/water/iidd/datasci/drb_ml_model/experiments/subset/joint_modeling_log_q/ex_G2/1/trn_temp_metrics.csv, /caldera/projects/usgs/water/iidd/datasci/drb_ml_model/experiments/subset/joint_modeling_log_q/ex_G2/1/trn_flow_metrics.csv, /caldera/projects/usgs/water/iidd/datasci/drb_ml_model/experiments/subset/joint_modeling_log_q/ex_G2/1/tst_temp_metrics.csv, /caldera/projects/usgs/water/iidd/datasci/drb_ml_model/experiments/subset/joint_modeling_log_q/ex_G2/1/tst_flow_metrics.csv
    output: /caldera/projects/usgs/water/iidd/datasci/drb_ml_model/experiments/subset/joint_modeling_log_q/ex_G2/1/combined_metrics.csv
    jobid: 4
    wildcards: outdir=/caldera/projects/usgs/water/iidd/datasci/drb_ml_model/experiments/subset/joint_modeling_log_q, experiment=G2, run_id=1

Submitted job 4 with external jobid 'Submitted batch job 14942'.

[Thu Aug 13 13:11:12 2020]
rule combined_metrics:
    input: /caldera/projects/usgs/water/iidd/datasci/drb_ml_model/experiments/subset/joint_modeling_log_q/ex_G2/4/trn_temp_metrics.csv, /caldera/projects/usgs/water/iidd/datasci/drb_ml_model/experiments/subset/joint_modeling_log_q/ex_G2/4/trn_flow_metrics.csv, /caldera/projects/usgs/water/iidd/datasci/drb_ml_model/experiments/subset/joint_modeling_log_q/ex_G2/4/tst_temp_metrics.csv, /caldera/projects/usgs/water/iidd/datasci/drb_ml_model/experiments/subset/joint_modeling_log_q/ex_G2/4/tst_flow_metrics.csv
    output: /caldera/projects/usgs/water/iidd/datasci/drb_ml_model/experiments/subset/joint_modeling_log_q/ex_G2/4/combined_metrics.csv
    jobid: 7
    wildcards: outdir=/caldera/projects/usgs/water/iidd/datasci/drb_ml_model/experiments/subset/joint_modeling_log_q, experiment=G2, run_id=4

Submitted job 7 with external jobid 'Submitted batch job 14943'.

[Thu Aug 13 13:11:12 2020]
rule combined_run_reach_metrics:
    input: /caldera/projects/usgs/water/iidd/datasci/drb_ml_model/experiments/subset/joint_modeling_log_q/ex_G2/0/reach_metrics.csv, /caldera/projects/usgs/water/iidd/datasci/drb_ml_model/experiments/subset/joint_modeling_log_q/ex_G2/1/reach_metrics.csv, /caldera/projects/usgs/water/iidd/datasci/drb_ml_model/experiments/subset/joint_modeling_log_q/ex_G2/2/reach_metrics.csv, /caldera/projects/usgs/water/iidd/datasci/drb_ml_model/experiments/subset/joint_modeling_log_q/ex_G2/3/reach_metrics.csv, /caldera/projects/usgs/water/iidd/datasci/drb_ml_model/experiments/subset/joint_modeling_log_q/ex_G2/4/reach_metrics.csv
    output: /caldera/projects/usgs/water/iidd/datasci/drb_ml_model/experiments/subset/joint_modeling_log_q/ex_G2/overall_reach_metrics.nc
    jobid: 2
    wildcards: outdir=/caldera/projects/usgs/water/iidd/datasci/drb_ml_model/experiments/subset/joint_modeling_log_q, experiment=G2

Submitted job 2 with external jobid 'Submitted batch job 14944'.

[Thu Aug 13 13:11:12 2020]
rule combined_metrics:
    input: /caldera/projects/usgs/water/iidd/datasci/drb_ml_model/experiments/subset/joint_modeling_log_q/ex_G2/2/trn_temp_metrics.csv, /caldera/projects/usgs/water/iidd/datasci/drb_ml_model/experiments/subset/joint_modeling_log_q/ex_G2/2/trn_flow_metrics.csv, /caldera/projects/usgs/water/iidd/datasci/drb_ml_model/experiments/subset/joint_modeling_log_q/ex_G2/2/tst_temp_metrics.csv, /caldera/projects/usgs/water/iidd/datasci/drb_ml_model/experiments/subset/joint_modeling_log_q/ex_G2/2/tst_flow_metrics.csv
    output: /caldera/projects/usgs/water/iidd/datasci/drb_ml_model/experiments/subset/joint_modeling_log_q/ex_G2/2/combined_metrics.csv
    jobid: 5
    wildcards: outdir=/caldera/projects/usgs/water/iidd/datasci/drb_ml_model/experiments/subset/joint_modeling_log_q, experiment=G2, run_id=2

Submitted job 5 with external jobid 'Submitted batch job 14945'.
[Thu Aug 13 13:11:22 2020]
Finished job 6.
43 of 49 steps (88%) done
[Thu Aug 13 13:11:22 2020]
Finished job 4.
44 of 49 steps (90%) done
[Thu Aug 13 13:11:22 2020]
Finished job 7.
45 of 49 steps (92%) done
[Thu Aug 13 13:11:22 2020]
Finished job 2.
46 of 49 steps (94%) done
[Thu Aug 13 13:11:22 2020]
Finished job 5.
47 of 49 steps (96%) done

[Thu Aug 13 13:11:22 2020]
rule combined_run_metrics:
    input: /caldera/projects/usgs/water/iidd/datasci/drb_ml_model/experiments/subset/joint_modeling_log_q/ex_G2/0/combined_metrics.csv, /caldera/projects/usgs/water/iidd/datasci/drb_ml_model/experiments/subset/joint_modeling_log_q/ex_G2/1/combined_metrics.csv, /caldera/projects/usgs/water/iidd/datasci/drb_ml_model/experiments/subset/joint_modeling_log_q/ex_G2/2/combined_metrics.csv, /caldera/projects/usgs/water/iidd/datasci/drb_ml_model/experiments/subset/joint_modeling_log_q/ex_G2/3/combined_metrics.csv, /caldera/projects/usgs/water/iidd/datasci/drb_ml_model/experiments/subset/joint_modeling_log_q/ex_G2/4/combined_metrics.csv
    output: /caldera/projects/usgs/water/iidd/datasci/drb_ml_model/experiments/subset/joint_modeling_log_q/ex_G2/overall_metrics.nc
    jobid: 1
    wildcards: outdir=/caldera/projects/usgs/water/iidd/datasci/drb_ml_model/experiments/subset/joint_modeling_log_q, experiment=G2

Submitted job 1 with external jobid 'Submitted batch job 14946'.
[Thu Aug 13 13:11:32 2020]
Finished job 1.
48 of 49 steps (98%) done

[Thu Aug 13 13:11:32 2020]
localrule all:
    input: /caldera/projects/usgs/water/iidd/datasci/drb_ml_model/experiments/subset/joint_modeling_log_q/ex_G2/overall_metrics.nc, /caldera/projects/usgs/water/iidd/datasci/drb_ml_model/experiments/subset/joint_modeling_log_q/ex_G2/overall_reach_metrics.nc
    jobid: 0

[Thu Aug 13 13:11:32 2020]
Finished job 0.
49 of 49 steps (100%) done
Complete log: /home/jsadler/dl_experiments/subset/.snakemake/log/2020-08-13T112830.525084.snakemake.log
