Building DAG of jobs...
Using shell: /usr/bin/bash
Provided cluster nodes: 5
Job counts:
	count	jobs
	1	all
	20	calc_overall_metrics
	5	calc_reach_specific_metrics
	5	combined_metrics
	1	combined_run_metrics
	1	combined_run_reach_metrics
	10	make_predictions
	1	prep_io_data
	5	train
	49

[Wed Aug 12 12:58:14 2020]
rule prep_io_data:
    input: /home/jsadler/drb-dl-model/data/in/obs_temp_full, /home/jsadler/drb-dl-model/data/in/obs_flow_full, /home/jsadler/drb-dl-model/data/in/uncal_sntemp_input_output_subset, /home/jsadler/drb-dl-model/data/in/distance_matrix_subset.npz, /home/jsadler/drb-dl-model/data/in/seg_attr_drb.feather
    output: /caldera/projects/usgs/water/iidd/datasci/drb_ml_model/experiments/subset/joint_modeling_log_q/ex_B3/prepped.npz
    jobid: 44
    wildcards: outdir=/caldera/projects/usgs/water/iidd/datasci/drb_ml_model/experiments/subset/joint_modeling_log_q/ex_B3

Submitted job 44 with external jobid 'Submitted batch job 14188'.
[Wed Aug 12 12:59:24 2020]
Finished job 44.
1 of 49 steps (2%) done

[Wed Aug 12 12:59:24 2020]
rule train:
    input: /caldera/projects/usgs/water/iidd/datasci/drb_ml_model/experiments/subset/joint_modeling_log_q/ex_B3/prepped.npz
    output: /caldera/projects/usgs/water/iidd/datasci/drb_ml_model/experiments/subset/joint_modeling_log_q/ex_B3/3/trained_weights/, /caldera/projects/usgs/water/iidd/datasci/drb_ml_model/experiments/subset/joint_modeling_log_q/ex_B3/3/pretrained_weights/
    jobid: 47
    wildcards: outdir=/caldera/projects/usgs/water/iidd/datasci/drb_ml_model/experiments/subset/joint_modeling_log_q, experiment=B3, run_id=3


         "python /home/jsadler/drb-dl-model/river_dl/train_model.py -o /caldera/projects/usgs/water/iidd/datasci/drb_ml_model/experiments/subset/joint_modeling_log_q/ex_B3/3 -i /caldera/projects/usgs/water/iidd/datasci/drb_ml_model/experiments/subset/joint_modeling_log_q/ex_B3/prepped.npz -m /caldera/projects/usgs/water/iidd/datasci/drb_ml_model/experiments/subset/joint_modeling_log_q/ex_B3/3/trained_weights/ -p 200 -f 100 -q" 
         
Submitted job 47 with external jobid 'Submitted batch job 14194'.

[Wed Aug 12 12:59:24 2020]
rule train:
    input: /caldera/projects/usgs/water/iidd/datasci/drb_ml_model/experiments/subset/joint_modeling_log_q/ex_B3/prepped.npz
    output: /caldera/projects/usgs/water/iidd/datasci/drb_ml_model/experiments/subset/joint_modeling_log_q/ex_B3/1/trained_weights/, /caldera/projects/usgs/water/iidd/datasci/drb_ml_model/experiments/subset/joint_modeling_log_q/ex_B3/1/pretrained_weights/
    jobid: 45
    wildcards: outdir=/caldera/projects/usgs/water/iidd/datasci/drb_ml_model/experiments/subset/joint_modeling_log_q, experiment=B3, run_id=1


         "python /home/jsadler/drb-dl-model/river_dl/train_model.py -o /caldera/projects/usgs/water/iidd/datasci/drb_ml_model/experiments/subset/joint_modeling_log_q/ex_B3/1 -i /caldera/projects/usgs/water/iidd/datasci/drb_ml_model/experiments/subset/joint_modeling_log_q/ex_B3/prepped.npz -m /caldera/projects/usgs/water/iidd/datasci/drb_ml_model/experiments/subset/joint_modeling_log_q/ex_B3/1/trained_weights/ -p 200 -f 100 -q" 
         
Submitted job 45 with external jobid 'Submitted batch job 14199'.

[Wed Aug 12 12:59:24 2020]
rule train:
    input: /caldera/projects/usgs/water/iidd/datasci/drb_ml_model/experiments/subset/joint_modeling_log_q/ex_B3/prepped.npz
    output: /caldera/projects/usgs/water/iidd/datasci/drb_ml_model/experiments/subset/joint_modeling_log_q/ex_B3/2/trained_weights/, /caldera/projects/usgs/water/iidd/datasci/drb_ml_model/experiments/subset/joint_modeling_log_q/ex_B3/2/pretrained_weights/
    jobid: 46
    wildcards: outdir=/caldera/projects/usgs/water/iidd/datasci/drb_ml_model/experiments/subset/joint_modeling_log_q, experiment=B3, run_id=2


         "python /home/jsadler/drb-dl-model/river_dl/train_model.py -o /caldera/projects/usgs/water/iidd/datasci/drb_ml_model/experiments/subset/joint_modeling_log_q/ex_B3/2 -i /caldera/projects/usgs/water/iidd/datasci/drb_ml_model/experiments/subset/joint_modeling_log_q/ex_B3/prepped.npz -m /caldera/projects/usgs/water/iidd/datasci/drb_ml_model/experiments/subset/joint_modeling_log_q/ex_B3/2/trained_weights/ -p 200 -f 100 -q" 
         
Submitted job 46 with external jobid 'Submitted batch job 14206'.

[Wed Aug 12 12:59:24 2020]
rule train:
    input: /caldera/projects/usgs/water/iidd/datasci/drb_ml_model/experiments/subset/joint_modeling_log_q/ex_B3/prepped.npz
    output: /caldera/projects/usgs/water/iidd/datasci/drb_ml_model/experiments/subset/joint_modeling_log_q/ex_B3/0/trained_weights/, /caldera/projects/usgs/water/iidd/datasci/drb_ml_model/experiments/subset/joint_modeling_log_q/ex_B3/0/pretrained_weights/
    jobid: 43
    wildcards: outdir=/caldera/projects/usgs/water/iidd/datasci/drb_ml_model/experiments/subset/joint_modeling_log_q, experiment=B3, run_id=0


         "python /home/jsadler/drb-dl-model/river_dl/train_model.py -o /caldera/projects/usgs/water/iidd/datasci/drb_ml_model/experiments/subset/joint_modeling_log_q/ex_B3/0 -i /caldera/projects/usgs/water/iidd/datasci/drb_ml_model/experiments/subset/joint_modeling_log_q/ex_B3/prepped.npz -m /caldera/projects/usgs/water/iidd/datasci/drb_ml_model/experiments/subset/joint_modeling_log_q/ex_B3/0/trained_weights/ -p 200 -f 100 -q" 
         
Submitted job 43 with external jobid 'Submitted batch job 14210'.

[Wed Aug 12 12:59:24 2020]
rule train:
    input: /caldera/projects/usgs/water/iidd/datasci/drb_ml_model/experiments/subset/joint_modeling_log_q/ex_B3/prepped.npz
    output: /caldera/projects/usgs/water/iidd/datasci/drb_ml_model/experiments/subset/joint_modeling_log_q/ex_B3/4/trained_weights/, /caldera/projects/usgs/water/iidd/datasci/drb_ml_model/experiments/subset/joint_modeling_log_q/ex_B3/4/pretrained_weights/
    jobid: 48
    wildcards: outdir=/caldera/projects/usgs/water/iidd/datasci/drb_ml_model/experiments/subset/joint_modeling_log_q, experiment=B3, run_id=4


         "python /home/jsadler/drb-dl-model/river_dl/train_model.py -o /caldera/projects/usgs/water/iidd/datasci/drb_ml_model/experiments/subset/joint_modeling_log_q/ex_B3/4 -i /caldera/projects/usgs/water/iidd/datasci/drb_ml_model/experiments/subset/joint_modeling_log_q/ex_B3/prepped.npz -m /caldera/projects/usgs/water/iidd/datasci/drb_ml_model/experiments/subset/joint_modeling_log_q/ex_B3/4/trained_weights/ -p 200 -f 100 -q" 
         
Submitted job 48 with external jobid 'Submitted batch job 14213'.
[Wed Aug 12 13:34:17 2020]
Finished job 47.
2 of 49 steps (4%) done

[Wed Aug 12 13:34:17 2020]
rule make_predictions:
    input: /caldera/projects/usgs/water/iidd/datasci/drb_ml_model/experiments/subset/joint_modeling_log_q/ex_B3/3/trained_weights/, /caldera/projects/usgs/water/iidd/datasci/drb_ml_model/experiments/subset/joint_modeling_log_q/ex_B3/prepped.npz
    output: /caldera/projects/usgs/water/iidd/datasci/drb_ml_model/experiments/subset/joint_modeling_log_q/ex_B3/3/trn_preds.feather
    jobid: 39
    wildcards: outdir=/caldera/projects/usgs/water/iidd/datasci/drb_ml_model/experiments/subset/joint_modeling_log_q, experiment=B3, run_id=3, partition=trn

Submitted job 39 with external jobid 'Submitted batch job 14219'.
[Wed Aug 12 13:36:27 2020]
Finished job 39.
3 of 49 steps (6%) done

[Wed Aug 12 13:36:27 2020]
rule make_predictions:
    input: /caldera/projects/usgs/water/iidd/datasci/drb_ml_model/experiments/subset/joint_modeling_log_q/ex_B3/3/trained_weights/, /caldera/projects/usgs/water/iidd/datasci/drb_ml_model/experiments/subset/joint_modeling_log_q/ex_B3/prepped.npz
    output: /caldera/projects/usgs/water/iidd/datasci/drb_ml_model/experiments/subset/joint_modeling_log_q/ex_B3/3/tst_preds.feather
    jobid: 40
    wildcards: outdir=/caldera/projects/usgs/water/iidd/datasci/drb_ml_model/experiments/subset/joint_modeling_log_q, experiment=B3, run_id=3, partition=tst

Submitted job 40 with external jobid 'Submitted batch job 14227'.
[Wed Aug 12 13:39:17 2020]
Finished job 40.
4 of 49 steps (8%) done

[Wed Aug 12 13:39:17 2020]
rule calc_reach_specific_metrics:
    input: /caldera/projects/usgs/water/iidd/datasci/drb_ml_model/experiments/subset/joint_modeling_log_q/ex_B3/3/trn_preds.feather, /caldera/projects/usgs/water/iidd/datasci/drb_ml_model/experiments/subset/joint_modeling_log_q/ex_B3/3/tst_preds.feather, /home/jsadler/drb-dl-model/data/in/obs_temp_full, /home/jsadler/drb-dl-model/data/in/obs_flow_full
    output: /caldera/projects/usgs/water/iidd/datasci/drb_ml_model/experiments/subset/joint_modeling_log_q/ex_B3/3/reach_metrics.csv
    jobid: 11
    wildcards: outdir=/caldera/projects/usgs/water/iidd/datasci/drb_ml_model/experiments/subset/joint_modeling_log_q, experiment=B3, run_id=3

Submitted job 11 with external jobid 'Submitted batch job 14235'.
[Wed Aug 12 13:40:07 2020]
Finished job 11.
5 of 49 steps (10%) done

[Wed Aug 12 13:40:07 2020]
rule calc_overall_metrics:
    input: /caldera/projects/usgs/water/iidd/datasci/drb_ml_model/experiments/subset/joint_modeling_log_q/ex_B3/3/trn_preds.feather, /home/jsadler/drb-dl-model/data/in/obs_temp_full
    output: /caldera/projects/usgs/water/iidd/datasci/drb_ml_model/experiments/subset/joint_modeling_log_q/ex_B3/3/trn_temp_metrics.csv
    jobid: 25
    wildcards: outdir=/caldera/projects/usgs/water/iidd/datasci/drb_ml_model/experiments/subset/joint_modeling_log_q, experiment=B3, run_id=3, partition=trn, variable=temp

Submitted job 25 with external jobid 'Submitted batch job 14242'.
[Wed Aug 12 13:40:27 2020]
Finished job 25.
6 of 49 steps (12%) done

[Wed Aug 12 13:40:27 2020]
rule calc_overall_metrics:
    input: /caldera/projects/usgs/water/iidd/datasci/drb_ml_model/experiments/subset/joint_modeling_log_q/ex_B3/3/trn_preds.feather, /home/jsadler/drb-dl-model/data/in/obs_flow_full
    output: /caldera/projects/usgs/water/iidd/datasci/drb_ml_model/experiments/subset/joint_modeling_log_q/ex_B3/3/trn_flow_metrics.csv
    jobid: 26
    wildcards: outdir=/caldera/projects/usgs/water/iidd/datasci/drb_ml_model/experiments/subset/joint_modeling_log_q, experiment=B3, run_id=3, partition=trn, variable=flow

Submitted job 26 with external jobid 'Submitted batch job 14247'.
[Wed Aug 12 13:40:47 2020]
Finished job 26.
7 of 49 steps (14%) done

[Wed Aug 12 13:40:47 2020]
rule calc_overall_metrics:
    input: /caldera/projects/usgs/water/iidd/datasci/drb_ml_model/experiments/subset/joint_modeling_log_q/ex_B3/3/tst_preds.feather, /home/jsadler/drb-dl-model/data/in/obs_temp_full
    output: /caldera/projects/usgs/water/iidd/datasci/drb_ml_model/experiments/subset/joint_modeling_log_q/ex_B3/3/tst_temp_metrics.csv
    jobid: 27
    wildcards: outdir=/caldera/projects/usgs/water/iidd/datasci/drb_ml_model/experiments/subset/joint_modeling_log_q, experiment=B3, run_id=3, partition=tst, variable=temp

Submitted job 27 with external jobid 'Submitted batch job 14255'.
[Wed Aug 12 13:40:57 2020]
Finished job 27.
8 of 49 steps (16%) done

[Wed Aug 12 13:40:57 2020]
rule calc_overall_metrics:
    input: /caldera/projects/usgs/water/iidd/datasci/drb_ml_model/experiments/subset/joint_modeling_log_q/ex_B3/3/tst_preds.feather, /home/jsadler/drb-dl-model/data/in/obs_flow_full
    output: /caldera/projects/usgs/water/iidd/datasci/drb_ml_model/experiments/subset/joint_modeling_log_q/ex_B3/3/tst_flow_metrics.csv
    jobid: 28
    wildcards: outdir=/caldera/projects/usgs/water/iidd/datasci/drb_ml_model/experiments/subset/joint_modeling_log_q, experiment=B3, run_id=3, partition=tst, variable=flow

Submitted job 28 with external jobid 'Submitted batch job 14259'.
[Wed Aug 12 13:41:07 2020]
Finished job 28.
9 of 49 steps (18%) done

[Wed Aug 12 13:41:07 2020]
rule combined_metrics:
    input: /caldera/projects/usgs/water/iidd/datasci/drb_ml_model/experiments/subset/joint_modeling_log_q/ex_B3/3/trn_temp_metrics.csv, /caldera/projects/usgs/water/iidd/datasci/drb_ml_model/experiments/subset/joint_modeling_log_q/ex_B3/3/trn_flow_metrics.csv, /caldera/projects/usgs/water/iidd/datasci/drb_ml_model/experiments/subset/joint_modeling_log_q/ex_B3/3/tst_temp_metrics.csv, /caldera/projects/usgs/water/iidd/datasci/drb_ml_model/experiments/subset/joint_modeling_log_q/ex_B3/3/tst_flow_metrics.csv
    output: /caldera/projects/usgs/water/iidd/datasci/drb_ml_model/experiments/subset/joint_modeling_log_q/ex_B3/3/combined_metrics.csv
    jobid: 6
    wildcards: outdir=/caldera/projects/usgs/water/iidd/datasci/drb_ml_model/experiments/subset/joint_modeling_log_q, experiment=B3, run_id=3

Submitted job 6 with external jobid 'Submitted batch job 14264'.
[Wed Aug 12 13:41:17 2020]
Finished job 6.
10 of 49 steps (20%) done
[Wed Aug 12 13:47:48 2020]
Finished job 45.
11 of 49 steps (22%) done

[Wed Aug 12 13:47:48 2020]
rule make_predictions:
    input: /caldera/projects/usgs/water/iidd/datasci/drb_ml_model/experiments/subset/joint_modeling_log_q/ex_B3/1/trained_weights/, /caldera/projects/usgs/water/iidd/datasci/drb_ml_model/experiments/subset/joint_modeling_log_q/ex_B3/prepped.npz
    output: /caldera/projects/usgs/water/iidd/datasci/drb_ml_model/experiments/subset/joint_modeling_log_q/ex_B3/1/trn_preds.feather
    jobid: 35
    wildcards: outdir=/caldera/projects/usgs/water/iidd/datasci/drb_ml_model/experiments/subset/joint_modeling_log_q, experiment=B3, run_id=1, partition=trn

Submitted job 35 with external jobid 'Submitted batch job 14280'.

[Wed Aug 12 13:47:48 2020]
rule make_predictions:
    input: /caldera/projects/usgs/water/iidd/datasci/drb_ml_model/experiments/subset/joint_modeling_log_q/ex_B3/1/trained_weights/, /caldera/projects/usgs/water/iidd/datasci/drb_ml_model/experiments/subset/joint_modeling_log_q/ex_B3/prepped.npz
    output: /caldera/projects/usgs/water/iidd/datasci/drb_ml_model/experiments/subset/joint_modeling_log_q/ex_B3/1/tst_preds.feather
    jobid: 36
    wildcards: outdir=/caldera/projects/usgs/water/iidd/datasci/drb_ml_model/experiments/subset/joint_modeling_log_q, experiment=B3, run_id=1, partition=tst

Submitted job 36 with external jobid 'Submitted batch job 14281'.
[Wed Aug 12 13:48:58 2020]
Finished job 46.
12 of 49 steps (24%) done

[Wed Aug 12 13:48:58 2020]
rule make_predictions:
    input: /caldera/projects/usgs/water/iidd/datasci/drb_ml_model/experiments/subset/joint_modeling_log_q/ex_B3/2/trained_weights/, /caldera/projects/usgs/water/iidd/datasci/drb_ml_model/experiments/subset/joint_modeling_log_q/ex_B3/prepped.npz
    output: /caldera/projects/usgs/water/iidd/datasci/drb_ml_model/experiments/subset/joint_modeling_log_q/ex_B3/2/trn_preds.feather
    jobid: 37
    wildcards: outdir=/caldera/projects/usgs/water/iidd/datasci/drb_ml_model/experiments/subset/joint_modeling_log_q, experiment=B3, run_id=2, partition=trn

[Wed Aug 12 13:48:58 2020]
Finished job 35.
13 of 49 steps (27%) done
[Wed Aug 12 13:48:58 2020]
Finished job 36.
14 of 49 steps (29%) done
Submitted job 37 with external jobid 'Submitted batch job 14293'.

[Wed Aug 12 13:48:58 2020]
rule make_predictions:
    input: /caldera/projects/usgs/water/iidd/datasci/drb_ml_model/experiments/subset/joint_modeling_log_q/ex_B3/2/trained_weights/, /caldera/projects/usgs/water/iidd/datasci/drb_ml_model/experiments/subset/joint_modeling_log_q/ex_B3/prepped.npz
    output: /caldera/projects/usgs/water/iidd/datasci/drb_ml_model/experiments/subset/joint_modeling_log_q/ex_B3/2/tst_preds.feather
    jobid: 38
    wildcards: outdir=/caldera/projects/usgs/water/iidd/datasci/drb_ml_model/experiments/subset/joint_modeling_log_q, experiment=B3, run_id=2, partition=tst

Submitted job 38 with external jobid 'Submitted batch job 14294'.

[Wed Aug 12 13:48:58 2020]
rule calc_reach_specific_metrics:
    input: /caldera/projects/usgs/water/iidd/datasci/drb_ml_model/experiments/subset/joint_modeling_log_q/ex_B3/1/trn_preds.feather, /caldera/projects/usgs/water/iidd/datasci/drb_ml_model/experiments/subset/joint_modeling_log_q/ex_B3/1/tst_preds.feather, /home/jsadler/drb-dl-model/data/in/obs_temp_full, /home/jsadler/drb-dl-model/data/in/obs_flow_full
    output: /caldera/projects/usgs/water/iidd/datasci/drb_ml_model/experiments/subset/joint_modeling_log_q/ex_B3/1/reach_metrics.csv
    jobid: 9
    wildcards: outdir=/caldera/projects/usgs/water/iidd/datasci/drb_ml_model/experiments/subset/joint_modeling_log_q, experiment=B3, run_id=1

Submitted job 9 with external jobid 'Submitted batch job 14295'.
[Wed Aug 12 13:49:18 2020]
Finished job 9.
15 of 49 steps (31%) done

[Wed Aug 12 13:49:18 2020]
rule calc_overall_metrics:
    input: /caldera/projects/usgs/water/iidd/datasci/drb_ml_model/experiments/subset/joint_modeling_log_q/ex_B3/1/trn_preds.feather, /home/jsadler/drb-dl-model/data/in/obs_temp_full
    output: /caldera/projects/usgs/water/iidd/datasci/drb_ml_model/experiments/subset/joint_modeling_log_q/ex_B3/1/trn_temp_metrics.csv
    jobid: 17
    wildcards: outdir=/caldera/projects/usgs/water/iidd/datasci/drb_ml_model/experiments/subset/joint_modeling_log_q, experiment=B3, run_id=1, partition=trn, variable=temp

Submitted job 17 with external jobid 'Submitted batch job 14302'.
[Wed Aug 12 13:49:48 2020]
Finished job 17.
16 of 49 steps (33%) done

[Wed Aug 12 13:49:48 2020]
rule calc_overall_metrics:
    input: /caldera/projects/usgs/water/iidd/datasci/drb_ml_model/experiments/subset/joint_modeling_log_q/ex_B3/1/trn_preds.feather, /home/jsadler/drb-dl-model/data/in/obs_flow_full
    output: /caldera/projects/usgs/water/iidd/datasci/drb_ml_model/experiments/subset/joint_modeling_log_q/ex_B3/1/trn_flow_metrics.csv
    jobid: 18
    wildcards: outdir=/caldera/projects/usgs/water/iidd/datasci/drb_ml_model/experiments/subset/joint_modeling_log_q, experiment=B3, run_id=1, partition=trn, variable=flow

Submitted job 18 with external jobid 'Submitted batch job 14310'.
[Wed Aug 12 13:49:58 2020]
Finished job 18.
17 of 49 steps (35%) done

[Wed Aug 12 13:49:58 2020]
rule calc_overall_metrics:
    input: /caldera/projects/usgs/water/iidd/datasci/drb_ml_model/experiments/subset/joint_modeling_log_q/ex_B3/1/tst_preds.feather, /home/jsadler/drb-dl-model/data/in/obs_temp_full
    output: /caldera/projects/usgs/water/iidd/datasci/drb_ml_model/experiments/subset/joint_modeling_log_q/ex_B3/1/tst_temp_metrics.csv
    jobid: 19
    wildcards: outdir=/caldera/projects/usgs/water/iidd/datasci/drb_ml_model/experiments/subset/joint_modeling_log_q, experiment=B3, run_id=1, partition=tst, variable=temp

Submitted job 19 with external jobid 'Submitted batch job 14317'.
[Wed Aug 12 13:50:08 2020]
Finished job 37.
18 of 49 steps (37%) done
[Wed Aug 12 13:50:08 2020]
Finished job 38.
19 of 49 steps (39%) done

[Wed Aug 12 13:50:08 2020]
rule calc_overall_metrics:
    input: /caldera/projects/usgs/water/iidd/datasci/drb_ml_model/experiments/subset/joint_modeling_log_q/ex_B3/2/trn_preds.feather, /home/jsadler/drb-dl-model/data/in/obs_temp_full
    output: /caldera/projects/usgs/water/iidd/datasci/drb_ml_model/experiments/subset/joint_modeling_log_q/ex_B3/2/trn_temp_metrics.csv
    jobid: 21
    wildcards: outdir=/caldera/projects/usgs/water/iidd/datasci/drb_ml_model/experiments/subset/joint_modeling_log_q, experiment=B3, run_id=2, partition=trn, variable=temp

[Wed Aug 12 13:50:08 2020]
Finished job 19.
20 of 49 steps (41%) done
Submitted job 21 with external jobid 'Submitted batch job 14322'.

[Wed Aug 12 13:50:08 2020]
rule calc_overall_metrics:
    input: /caldera/projects/usgs/water/iidd/datasci/drb_ml_model/experiments/subset/joint_modeling_log_q/ex_B3/2/trn_preds.feather, /home/jsadler/drb-dl-model/data/in/obs_flow_full
    output: /caldera/projects/usgs/water/iidd/datasci/drb_ml_model/experiments/subset/joint_modeling_log_q/ex_B3/2/trn_flow_metrics.csv
    jobid: 22
    wildcards: outdir=/caldera/projects/usgs/water/iidd/datasci/drb_ml_model/experiments/subset/joint_modeling_log_q, experiment=B3, run_id=2, partition=trn, variable=flow

Submitted job 22 with external jobid 'Submitted batch job 14323'.

[Wed Aug 12 13:50:08 2020]
rule calc_reach_specific_metrics:
    input: /caldera/projects/usgs/water/iidd/datasci/drb_ml_model/experiments/subset/joint_modeling_log_q/ex_B3/2/trn_preds.feather, /caldera/projects/usgs/water/iidd/datasci/drb_ml_model/experiments/subset/joint_modeling_log_q/ex_B3/2/tst_preds.feather, /home/jsadler/drb-dl-model/data/in/obs_temp_full, /home/jsadler/drb-dl-model/data/in/obs_flow_full
    output: /caldera/projects/usgs/water/iidd/datasci/drb_ml_model/experiments/subset/joint_modeling_log_q/ex_B3/2/reach_metrics.csv
    jobid: 10
    wildcards: outdir=/caldera/projects/usgs/water/iidd/datasci/drb_ml_model/experiments/subset/joint_modeling_log_q, experiment=B3, run_id=2

Submitted job 10 with external jobid 'Submitted batch job 14324'.
[Wed Aug 12 13:50:18 2020]
Finished job 21.
21 of 49 steps (43%) done

[Wed Aug 12 13:50:18 2020]
rule calc_overall_metrics:
    input: /caldera/projects/usgs/water/iidd/datasci/drb_ml_model/experiments/subset/joint_modeling_log_q/ex_B3/1/tst_preds.feather, /home/jsadler/drb-dl-model/data/in/obs_flow_full
    output: /caldera/projects/usgs/water/iidd/datasci/drb_ml_model/experiments/subset/joint_modeling_log_q/ex_B3/1/tst_flow_metrics.csv
    jobid: 20
    wildcards: outdir=/caldera/projects/usgs/water/iidd/datasci/drb_ml_model/experiments/subset/joint_modeling_log_q, experiment=B3, run_id=1, partition=tst, variable=flow

Submitted job 20 with external jobid 'Submitted batch job 14331'.
[Wed Aug 12 13:50:18 2020]
Finished job 22.
22 of 49 steps (45%) done

[Wed Aug 12 13:50:18 2020]
rule calc_overall_metrics:
    input: /caldera/projects/usgs/water/iidd/datasci/drb_ml_model/experiments/subset/joint_modeling_log_q/ex_B3/2/tst_preds.feather, /home/jsadler/drb-dl-model/data/in/obs_temp_full
    output: /caldera/projects/usgs/water/iidd/datasci/drb_ml_model/experiments/subset/joint_modeling_log_q/ex_B3/2/tst_temp_metrics.csv
    jobid: 23
    wildcards: outdir=/caldera/projects/usgs/water/iidd/datasci/drb_ml_model/experiments/subset/joint_modeling_log_q, experiment=B3, run_id=2, partition=tst, variable=temp

Submitted job 23 with external jobid 'Submitted batch job 14332'.
[Wed Aug 12 13:50:28 2020]
Finished job 20.
23 of 49 steps (47%) done
[Wed Aug 12 13:50:28 2020]
Finished job 10.
24 of 49 steps (49%) done

[Wed Aug 12 13:50:28 2020]
rule calc_overall_metrics:
    input: /caldera/projects/usgs/water/iidd/datasci/drb_ml_model/experiments/subset/joint_modeling_log_q/ex_B3/2/tst_preds.feather, /home/jsadler/drb-dl-model/data/in/obs_flow_full
    output: /caldera/projects/usgs/water/iidd/datasci/drb_ml_model/experiments/subset/joint_modeling_log_q/ex_B3/2/tst_flow_metrics.csv
    jobid: 24
    wildcards: outdir=/caldera/projects/usgs/water/iidd/datasci/drb_ml_model/experiments/subset/joint_modeling_log_q, experiment=B3, run_id=2, partition=tst, variable=flow

[Wed Aug 12 13:50:28 2020]
Finished job 23.
25 of 49 steps (51%) done
Submitted job 24 with external jobid 'Submitted batch job 14338'.

[Wed Aug 12 13:50:28 2020]
rule combined_metrics:
    input: /caldera/projects/usgs/water/iidd/datasci/drb_ml_model/experiments/subset/joint_modeling_log_q/ex_B3/1/trn_temp_metrics.csv, /caldera/projects/usgs/water/iidd/datasci/drb_ml_model/experiments/subset/joint_modeling_log_q/ex_B3/1/trn_flow_metrics.csv, /caldera/projects/usgs/water/iidd/datasci/drb_ml_model/experiments/subset/joint_modeling_log_q/ex_B3/1/tst_temp_metrics.csv, /caldera/projects/usgs/water/iidd/datasci/drb_ml_model/experiments/subset/joint_modeling_log_q/ex_B3/1/tst_flow_metrics.csv
    output: /caldera/projects/usgs/water/iidd/datasci/drb_ml_model/experiments/subset/joint_modeling_log_q/ex_B3/1/combined_metrics.csv
    jobid: 4
    wildcards: outdir=/caldera/projects/usgs/water/iidd/datasci/drb_ml_model/experiments/subset/joint_modeling_log_q, experiment=B3, run_id=1

Submitted job 4 with external jobid 'Submitted batch job 14339'.
[Wed Aug 12 13:50:38 2020]
Finished job 24.
26 of 49 steps (53%) done
[Wed Aug 12 13:50:39 2020]
Finished job 4.
27 of 49 steps (55%) done

[Wed Aug 12 13:50:39 2020]
rule combined_metrics:
    input: /caldera/projects/usgs/water/iidd/datasci/drb_ml_model/experiments/subset/joint_modeling_log_q/ex_B3/2/trn_temp_metrics.csv, /caldera/projects/usgs/water/iidd/datasci/drb_ml_model/experiments/subset/joint_modeling_log_q/ex_B3/2/trn_flow_metrics.csv, /caldera/projects/usgs/water/iidd/datasci/drb_ml_model/experiments/subset/joint_modeling_log_q/ex_B3/2/tst_temp_metrics.csv, /caldera/projects/usgs/water/iidd/datasci/drb_ml_model/experiments/subset/joint_modeling_log_q/ex_B3/2/tst_flow_metrics.csv
    output: /caldera/projects/usgs/water/iidd/datasci/drb_ml_model/experiments/subset/joint_modeling_log_q/ex_B3/2/combined_metrics.csv
    jobid: 5
    wildcards: outdir=/caldera/projects/usgs/water/iidd/datasci/drb_ml_model/experiments/subset/joint_modeling_log_q, experiment=B3, run_id=2

Submitted job 5 with external jobid 'Submitted batch job 14344'.
[Wed Aug 12 13:50:49 2020]
Finished job 5.
28 of 49 steps (57%) done
[Wed Aug 12 14:04:10 2020]
Finished job 43.
29 of 49 steps (59%) done

[Wed Aug 12 14:04:10 2020]
rule make_predictions:
    input: /caldera/projects/usgs/water/iidd/datasci/drb_ml_model/experiments/subset/joint_modeling_log_q/ex_B3/0/trained_weights/, /caldera/projects/usgs/water/iidd/datasci/drb_ml_model/experiments/subset/joint_modeling_log_q/ex_B3/prepped.npz
    output: /caldera/projects/usgs/water/iidd/datasci/drb_ml_model/experiments/subset/joint_modeling_log_q/ex_B3/0/trn_preds.feather
    jobid: 33
    wildcards: outdir=/caldera/projects/usgs/water/iidd/datasci/drb_ml_model/experiments/subset/joint_modeling_log_q, experiment=B3, run_id=0, partition=trn

Submitted job 33 with external jobid 'Submitted batch job 14378'.

[Wed Aug 12 14:04:10 2020]
rule make_predictions:
    input: /caldera/projects/usgs/water/iidd/datasci/drb_ml_model/experiments/subset/joint_modeling_log_q/ex_B3/0/trained_weights/, /caldera/projects/usgs/water/iidd/datasci/drb_ml_model/experiments/subset/joint_modeling_log_q/ex_B3/prepped.npz
    output: /caldera/projects/usgs/water/iidd/datasci/drb_ml_model/experiments/subset/joint_modeling_log_q/ex_B3/0/tst_preds.feather
    jobid: 34
    wildcards: outdir=/caldera/projects/usgs/water/iidd/datasci/drb_ml_model/experiments/subset/joint_modeling_log_q, experiment=B3, run_id=0, partition=tst

Submitted job 34 with external jobid 'Submitted batch job 14379'.
[Wed Aug 12 14:05:10 2020]
Finished job 34.
30 of 49 steps (61%) done

[Wed Aug 12 14:05:10 2020]
rule calc_overall_metrics:
    input: /caldera/projects/usgs/water/iidd/datasci/drb_ml_model/experiments/subset/joint_modeling_log_q/ex_B3/0/tst_preds.feather, /home/jsadler/drb-dl-model/data/in/obs_temp_full
    output: /caldera/projects/usgs/water/iidd/datasci/drb_ml_model/experiments/subset/joint_modeling_log_q/ex_B3/0/tst_temp_metrics.csv
    jobid: 15
    wildcards: outdir=/caldera/projects/usgs/water/iidd/datasci/drb_ml_model/experiments/subset/joint_modeling_log_q, experiment=B3, run_id=0, partition=tst, variable=temp

Submitted job 15 with external jobid 'Submitted batch job 14380'.

[Wed Aug 12 14:05:10 2020]
rule calc_overall_metrics:
    input: /caldera/projects/usgs/water/iidd/datasci/drb_ml_model/experiments/subset/joint_modeling_log_q/ex_B3/0/tst_preds.feather, /home/jsadler/drb-dl-model/data/in/obs_flow_full
    output: /caldera/projects/usgs/water/iidd/datasci/drb_ml_model/experiments/subset/joint_modeling_log_q/ex_B3/0/tst_flow_metrics.csv
    jobid: 16
    wildcards: outdir=/caldera/projects/usgs/water/iidd/datasci/drb_ml_model/experiments/subset/joint_modeling_log_q, experiment=B3, run_id=0, partition=tst, variable=flow

Submitted job 16 with external jobid 'Submitted batch job 14381'.
[Wed Aug 12 14:05:20 2020]
Finished job 48.
31 of 49 steps (63%) done

[Wed Aug 12 14:05:20 2020]
rule make_predictions:
    input: /caldera/projects/usgs/water/iidd/datasci/drb_ml_model/experiments/subset/joint_modeling_log_q/ex_B3/4/trained_weights/, /caldera/projects/usgs/water/iidd/datasci/drb_ml_model/experiments/subset/joint_modeling_log_q/ex_B3/prepped.npz
    output: /caldera/projects/usgs/water/iidd/datasci/drb_ml_model/experiments/subset/joint_modeling_log_q/ex_B3/4/trn_preds.feather
    jobid: 41
    wildcards: outdir=/caldera/projects/usgs/water/iidd/datasci/drb_ml_model/experiments/subset/joint_modeling_log_q, experiment=B3, run_id=4, partition=trn

[Wed Aug 12 14:05:20 2020]
Finished job 33.
32 of 49 steps (65%) done
Submitted job 41 with external jobid 'Submitted batch job 14387'.

[Wed Aug 12 14:05:20 2020]
rule make_predictions:
    input: /caldera/projects/usgs/water/iidd/datasci/drb_ml_model/experiments/subset/joint_modeling_log_q/ex_B3/4/trained_weights/, /caldera/projects/usgs/water/iidd/datasci/drb_ml_model/experiments/subset/joint_modeling_log_q/ex_B3/prepped.npz
    output: /caldera/projects/usgs/water/iidd/datasci/drb_ml_model/experiments/subset/joint_modeling_log_q/ex_B3/4/tst_preds.feather
    jobid: 42
    wildcards: outdir=/caldera/projects/usgs/water/iidd/datasci/drb_ml_model/experiments/subset/joint_modeling_log_q, experiment=B3, run_id=4, partition=tst

[Wed Aug 12 14:05:20 2020]
Finished job 15.
33 of 49 steps (67%) done
[Wed Aug 12 14:05:20 2020]
Finished job 16.
34 of 49 steps (69%) done
Submitted job 42 with external jobid 'Submitted batch job 14388'.

[Wed Aug 12 14:05:20 2020]
rule calc_reach_specific_metrics:
    input: /caldera/projects/usgs/water/iidd/datasci/drb_ml_model/experiments/subset/joint_modeling_log_q/ex_B3/0/trn_preds.feather, /caldera/projects/usgs/water/iidd/datasci/drb_ml_model/experiments/subset/joint_modeling_log_q/ex_B3/0/tst_preds.feather, /home/jsadler/drb-dl-model/data/in/obs_temp_full, /home/jsadler/drb-dl-model/data/in/obs_flow_full
    output: /caldera/projects/usgs/water/iidd/datasci/drb_ml_model/experiments/subset/joint_modeling_log_q/ex_B3/0/reach_metrics.csv
    jobid: 8
    wildcards: outdir=/caldera/projects/usgs/water/iidd/datasci/drb_ml_model/experiments/subset/joint_modeling_log_q, experiment=B3, run_id=0

Submitted job 8 with external jobid 'Submitted batch job 14389'.

[Wed Aug 12 14:05:20 2020]
rule calc_overall_metrics:
    input: /caldera/projects/usgs/water/iidd/datasci/drb_ml_model/experiments/subset/joint_modeling_log_q/ex_B3/0/trn_preds.feather, /home/jsadler/drb-dl-model/data/in/obs_temp_full
    output: /caldera/projects/usgs/water/iidd/datasci/drb_ml_model/experiments/subset/joint_modeling_log_q/ex_B3/0/trn_temp_metrics.csv
    jobid: 13
    wildcards: outdir=/caldera/projects/usgs/water/iidd/datasci/drb_ml_model/experiments/subset/joint_modeling_log_q, experiment=B3, run_id=0, partition=trn, variable=temp

Submitted job 13 with external jobid 'Submitted batch job 14390'.

[Wed Aug 12 14:05:20 2020]
rule calc_overall_metrics:
    input: /caldera/projects/usgs/water/iidd/datasci/drb_ml_model/experiments/subset/joint_modeling_log_q/ex_B3/0/trn_preds.feather, /home/jsadler/drb-dl-model/data/in/obs_flow_full
    output: /caldera/projects/usgs/water/iidd/datasci/drb_ml_model/experiments/subset/joint_modeling_log_q/ex_B3/0/trn_flow_metrics.csv
    jobid: 14
    wildcards: outdir=/caldera/projects/usgs/water/iidd/datasci/drb_ml_model/experiments/subset/joint_modeling_log_q, experiment=B3, run_id=0, partition=trn, variable=flow

Submitted job 14 with external jobid 'Submitted batch job 14391'.
[Wed Aug 12 14:05:30 2020]
Finished job 13.
35 of 49 steps (71%) done
[Wed Aug 12 14:05:30 2020]
Finished job 14.
36 of 49 steps (73%) done

[Wed Aug 12 14:05:30 2020]
rule combined_metrics:
    input: /caldera/projects/usgs/water/iidd/datasci/drb_ml_model/experiments/subset/joint_modeling_log_q/ex_B3/0/trn_temp_metrics.csv, /caldera/projects/usgs/water/iidd/datasci/drb_ml_model/experiments/subset/joint_modeling_log_q/ex_B3/0/trn_flow_metrics.csv, /caldera/projects/usgs/water/iidd/datasci/drb_ml_model/experiments/subset/joint_modeling_log_q/ex_B3/0/tst_temp_metrics.csv, /caldera/projects/usgs/water/iidd/datasci/drb_ml_model/experiments/subset/joint_modeling_log_q/ex_B3/0/tst_flow_metrics.csv
    output: /caldera/projects/usgs/water/iidd/datasci/drb_ml_model/experiments/subset/joint_modeling_log_q/ex_B3/0/combined_metrics.csv
    jobid: 3
    wildcards: outdir=/caldera/projects/usgs/water/iidd/datasci/drb_ml_model/experiments/subset/joint_modeling_log_q, experiment=B3, run_id=0

Submitted job 3 with external jobid 'Submitted batch job 14393'.
[Wed Aug 12 14:05:40 2020]
Finished job 8.
37 of 49 steps (76%) done
[Wed Aug 12 14:05:40 2020]
Finished job 3.
38 of 49 steps (78%) done
[Wed Aug 12 14:06:20 2020]
Finished job 42.
39 of 49 steps (80%) done

[Wed Aug 12 14:06:20 2020]
rule calc_overall_metrics:
    input: /caldera/projects/usgs/water/iidd/datasci/drb_ml_model/experiments/subset/joint_modeling_log_q/ex_B3/4/tst_preds.feather, /home/jsadler/drb-dl-model/data/in/obs_temp_full
    output: /caldera/projects/usgs/water/iidd/datasci/drb_ml_model/experiments/subset/joint_modeling_log_q/ex_B3/4/tst_temp_metrics.csv
    jobid: 31
    wildcards: outdir=/caldera/projects/usgs/water/iidd/datasci/drb_ml_model/experiments/subset/joint_modeling_log_q, experiment=B3, run_id=4, partition=tst, variable=temp

Submitted job 31 with external jobid 'Submitted batch job 14396'.

[Wed Aug 12 14:06:20 2020]
rule calc_overall_metrics:
    input: /caldera/projects/usgs/water/iidd/datasci/drb_ml_model/experiments/subset/joint_modeling_log_q/ex_B3/4/tst_preds.feather, /home/jsadler/drb-dl-model/data/in/obs_flow_full
    output: /caldera/projects/usgs/water/iidd/datasci/drb_ml_model/experiments/subset/joint_modeling_log_q/ex_B3/4/tst_flow_metrics.csv
    jobid: 32
    wildcards: outdir=/caldera/projects/usgs/water/iidd/datasci/drb_ml_model/experiments/subset/joint_modeling_log_q, experiment=B3, run_id=4, partition=tst, variable=flow

Submitted job 32 with external jobid 'Submitted batch job 14397'.
[Wed Aug 12 14:06:30 2020]
Finished job 41.
40 of 49 steps (82%) done

[Wed Aug 12 14:06:30 2020]
rule calc_overall_metrics:
    input: /caldera/projects/usgs/water/iidd/datasci/drb_ml_model/experiments/subset/joint_modeling_log_q/ex_B3/4/trn_preds.feather, /home/jsadler/drb-dl-model/data/in/obs_temp_full
    output: /caldera/projects/usgs/water/iidd/datasci/drb_ml_model/experiments/subset/joint_modeling_log_q/ex_B3/4/trn_temp_metrics.csv
    jobid: 29
    wildcards: outdir=/caldera/projects/usgs/water/iidd/datasci/drb_ml_model/experiments/subset/joint_modeling_log_q, experiment=B3, run_id=4, partition=trn, variable=temp

[Wed Aug 12 14:06:30 2020]
Finished job 31.
41 of 49 steps (84%) done
[Wed Aug 12 14:06:30 2020]
Finished job 32.
42 of 49 steps (86%) done
Submitted job 29 with external jobid 'Submitted batch job 14398'.

[Wed Aug 12 14:06:30 2020]
rule calc_reach_specific_metrics:
    input: /caldera/projects/usgs/water/iidd/datasci/drb_ml_model/experiments/subset/joint_modeling_log_q/ex_B3/4/trn_preds.feather, /caldera/projects/usgs/water/iidd/datasci/drb_ml_model/experiments/subset/joint_modeling_log_q/ex_B3/4/tst_preds.feather, /home/jsadler/drb-dl-model/data/in/obs_temp_full, /home/jsadler/drb-dl-model/data/in/obs_flow_full
    output: /caldera/projects/usgs/water/iidd/datasci/drb_ml_model/experiments/subset/joint_modeling_log_q/ex_B3/4/reach_metrics.csv
    jobid: 12
    wildcards: outdir=/caldera/projects/usgs/water/iidd/datasci/drb_ml_model/experiments/subset/joint_modeling_log_q, experiment=B3, run_id=4

Submitted job 12 with external jobid 'Submitted batch job 14399'.

[Wed Aug 12 14:06:30 2020]
rule calc_overall_metrics:
    input: /caldera/projects/usgs/water/iidd/datasci/drb_ml_model/experiments/subset/joint_modeling_log_q/ex_B3/4/trn_preds.feather, /home/jsadler/drb-dl-model/data/in/obs_flow_full
    output: /caldera/projects/usgs/water/iidd/datasci/drb_ml_model/experiments/subset/joint_modeling_log_q/ex_B3/4/trn_flow_metrics.csv
    jobid: 30
    wildcards: outdir=/caldera/projects/usgs/water/iidd/datasci/drb_ml_model/experiments/subset/joint_modeling_log_q, experiment=B3, run_id=4, partition=trn, variable=flow

Submitted job 30 with external jobid 'Submitted batch job 14401'.
[Wed Aug 12 14:06:40 2020]
Finished job 29.
43 of 49 steps (88%) done
[Wed Aug 12 14:06:40 2020]
Finished job 30.
44 of 49 steps (90%) done

[Wed Aug 12 14:06:40 2020]
rule combined_metrics:
    input: /caldera/projects/usgs/water/iidd/datasci/drb_ml_model/experiments/subset/joint_modeling_log_q/ex_B3/4/trn_temp_metrics.csv, /caldera/projects/usgs/water/iidd/datasci/drb_ml_model/experiments/subset/joint_modeling_log_q/ex_B3/4/trn_flow_metrics.csv, /caldera/projects/usgs/water/iidd/datasci/drb_ml_model/experiments/subset/joint_modeling_log_q/ex_B3/4/tst_temp_metrics.csv, /caldera/projects/usgs/water/iidd/datasci/drb_ml_model/experiments/subset/joint_modeling_log_q/ex_B3/4/tst_flow_metrics.csv
    output: /caldera/projects/usgs/water/iidd/datasci/drb_ml_model/experiments/subset/joint_modeling_log_q/ex_B3/4/combined_metrics.csv
    jobid: 7
    wildcards: outdir=/caldera/projects/usgs/water/iidd/datasci/drb_ml_model/experiments/subset/joint_modeling_log_q, experiment=B3, run_id=4

Submitted job 7 with external jobid 'Submitted batch job 14403'.
[Wed Aug 12 14:06:50 2020]
Finished job 12.
45 of 49 steps (92%) done
[Wed Aug 12 14:06:50 2020]
Finished job 7.
46 of 49 steps (94%) done

[Wed Aug 12 14:06:50 2020]
rule combined_run_reach_metrics:
    input: /caldera/projects/usgs/water/iidd/datasci/drb_ml_model/experiments/subset/joint_modeling_log_q/ex_B3/0/reach_metrics.csv, /caldera/projects/usgs/water/iidd/datasci/drb_ml_model/experiments/subset/joint_modeling_log_q/ex_B3/1/reach_metrics.csv, /caldera/projects/usgs/water/iidd/datasci/drb_ml_model/experiments/subset/joint_modeling_log_q/ex_B3/2/reach_metrics.csv, /caldera/projects/usgs/water/iidd/datasci/drb_ml_model/experiments/subset/joint_modeling_log_q/ex_B3/3/reach_metrics.csv, /caldera/projects/usgs/water/iidd/datasci/drb_ml_model/experiments/subset/joint_modeling_log_q/ex_B3/4/reach_metrics.csv
    output: /caldera/projects/usgs/water/iidd/datasci/drb_ml_model/experiments/subset/joint_modeling_log_q/ex_B3/overall_reach_metrics.nc
    jobid: 2
    wildcards: outdir=/caldera/projects/usgs/water/iidd/datasci/drb_ml_model/experiments/subset/joint_modeling_log_q, experiment=B3

Submitted job 2 with external jobid 'Submitted batch job 14406'.

[Wed Aug 12 14:06:50 2020]
rule combined_run_metrics:
    input: /caldera/projects/usgs/water/iidd/datasci/drb_ml_model/experiments/subset/joint_modeling_log_q/ex_B3/0/combined_metrics.csv, /caldera/projects/usgs/water/iidd/datasci/drb_ml_model/experiments/subset/joint_modeling_log_q/ex_B3/1/combined_metrics.csv, /caldera/projects/usgs/water/iidd/datasci/drb_ml_model/experiments/subset/joint_modeling_log_q/ex_B3/2/combined_metrics.csv, /caldera/projects/usgs/water/iidd/datasci/drb_ml_model/experiments/subset/joint_modeling_log_q/ex_B3/3/combined_metrics.csv, /caldera/projects/usgs/water/iidd/datasci/drb_ml_model/experiments/subset/joint_modeling_log_q/ex_B3/4/combined_metrics.csv
    output: /caldera/projects/usgs/water/iidd/datasci/drb_ml_model/experiments/subset/joint_modeling_log_q/ex_B3/overall_metrics.nc
    jobid: 1
    wildcards: outdir=/caldera/projects/usgs/water/iidd/datasci/drb_ml_model/experiments/subset/joint_modeling_log_q, experiment=B3

Submitted job 1 with external jobid 'Submitted batch job 14407'.
[Wed Aug 12 14:07:00 2020]
Finished job 2.
47 of 49 steps (96%) done
[Wed Aug 12 14:07:00 2020]
Finished job 1.
48 of 49 steps (98%) done

[Wed Aug 12 14:07:00 2020]
localrule all:
    input: /caldera/projects/usgs/water/iidd/datasci/drb_ml_model/experiments/subset/joint_modeling_log_q/ex_B3/overall_metrics.nc, /caldera/projects/usgs/water/iidd/datasci/drb_ml_model/experiments/subset/joint_modeling_log_q/ex_B3/overall_reach_metrics.nc
    jobid: 0

[Wed Aug 12 14:07:00 2020]
Finished job 0.
49 of 49 steps (100%) done
Complete log: /home/jsadler/dl_experiments/subset/.snakemake/log/2020-08-12T125751.697552.snakemake.log
